#
# There is insufficient memory for the Java Runtime Environment to continue.
# Native memory allocation (malloc) failed to allocate 2094416 bytes. Error detail: Chunk::new
# Possible reasons:
#   The system is out of physical RAM or swap space
#   This process is running with CompressedOops enabled, and the Java Heap may be blocking the growth of the native heap
# Possible solutions:
#   Reduce memory load on the system
#   Increase physical memory or swap space
#   Check if swap backing store is full
#   Decrease Java heap size (-Xmx/-Xms)
#   Decrease number of Java threads
#   Decrease Java thread stack sizes (-Xss)
#   Set larger code cache with -XX:ReservedCodeCacheSize=
#   JVM is running with Unscaled Compressed Oops mode in which the Java heap is
#     placed in the first 4GB address space. The Java Heap base address is the
#     maximum limit for the native heap growth. Please use -XX:HeapBaseMinAddress
#     to set the Java Heap base and to place the Java Heap above 4GB virtual address.
# This output file may be truncated or incomplete.
#
#  Out of Memory Error (arena.cpp:149), pid=14212, tid=12792
#
# JRE version: Java(TM) SE Runtime Environment (23.0.1+11) (build 23.0.1+11-39)
# Java VM: Java HotSpot(TM) 64-Bit Server VM (23.0.1+11-39, mixed mode, sharing, tiered, compressed oops, compressed class ptrs, g1 gc, windows-amd64)
# No core dump will be written. Minidumps are not enabled by default on client versions of Windows
#

---------------  S U M M A R Y ------------

Command Line: --add-opens=java.base/java.lang=ALL-UNNAMED --add-opens=java.base/java.lang.invoke=ALL-UNNAMED --add-opens=java.base/java.util=ALL-UNNAMED --add-opens=java.prefs/java.util.prefs=ALL-UNNAMED --add-exports=jdk.compiler/com.sun.tools.javac.api=ALL-UNNAMED --add-exports=jdk.compiler/com.sun.tools.javac.util=ALL-UNNAMED --add-opens=java.base/java.util=ALL-UNNAMED --add-opens=java.prefs/java.util.prefs=ALL-UNNAMED --add-opens=java.base/java.nio.charset=ALL-UNNAMED --add-opens=java.base/java.net=ALL-UNNAMED --add-opens=java.base/java.util.concurrent.atomic=ALL-UNNAMED --add-opens=java.xml/javax.xml.namespace=ALL-UNNAMED -XX:MaxMetaspaceSize=384m -XX:+HeapDumpOnOutOfMemoryError -Xms256m -Xmx512m -Dfile.encoding=UTF-8 -Duser.country=ES -Duser.language=es -Duser.variant -javaagent:C:\Users\luisc\.gradle\wrapper\dists\gradle-8.14.3-bin\cv11ve7ro1n3o1j4so8xd9n66\gradle-8.14.3\lib\agents\gradle-instrumentation-agent-8.14.3.jar org.gradle.launcher.daemon.bootstrap.GradleDaemon 8.14.3

Host: AMD Ryzen 5 5500U with Radeon Graphics         , 12 cores, 9G,  Windows 11 , 64 bit Build 26100 (10.0.26100.6725)
Time: Fri Oct 31 20:29:12 2025 Hora est. Pacífico, Sudamérica elapsed time: 5.888905 seconds (0d 0h 0m 5s)

---------------  T H R E A D  ---------------

Current thread (0x00000192bf2fbf20):  JavaThread "C2 CompilerThread0" daemon [_thread_in_native, id=12792, stack(0x0000002eebd00000,0x0000002eebe00000) (1024K)]


Current CompileTask:
C2:5888 3776   !   4       java.lang.ClassLoader::loadClass (121 bytes)

Stack: [0x0000002eebd00000,0x0000002eebe00000]
Native frames: (J=compiled Java code, j=interpreted, Vv=VM code, C=native code)
V  [jvm.dll+0x6e08b9]  (no source info available)
V  [jvm.dll+0x87dc83]  (no source info available)
V  [jvm.dll+0x88010e]  (no source info available)
V  [jvm.dll+0x8807e3]  (no source info available)
V  [jvm.dll+0x27aee6]  (no source info available)
V  [jvm.dll+0xbc06f]  (no source info available)
V  [jvm.dll+0xbc2cb]  (no source info available)
V  [jvm.dll+0x3b3a9c]  (no source info available)
V  [jvm.dll+0x38a42b]  (no source info available)
V  [jvm.dll+0x38989a]  (no source info available)
V  [jvm.dll+0x244aa1]  (no source info available)
V  [jvm.dll+0x243dff]  (no source info available)
V  [jvm.dll+0x1c33a0]  (no source info available)
V  [jvm.dll+0x253cf1]  (no source info available)
V  [jvm.dll+0x251faa]  (no source info available)
V  [jvm.dll+0x3ee036]  (no source info available)
V  [jvm.dll+0x824f8b]  (no source info available)
V  [jvm.dll+0x6df065]  (no source info available)
C  [ucrtbase.dll+0x37b0]  (no source info available)
C  [KERNEL32.DLL+0x2e8d7]  (no source info available)
C  [ntdll.dll+0x8c53c]  (no source info available)

Lock stack of current Java thread (top to bottom):


---------------  P R O C E S S  ---------------

Threads class SMR info:
_java_thread_list=0x00000192dcc5ba50, length=32, elements={
0x00000192a3e8ffd0, 0x00000192bf2ef040, 0x00000192bf2efba0, 0x00000192bf2f54b0,
0x00000192bf2f6f10, 0x00000192bf2f7d20, 0x00000192bf2f88b0, 0x00000192bf2fbf20,
0x00000192bf300670, 0x00000192bf2c8b20, 0x00000192bf51e070, 0x00000192d9cdbe70,
0x00000192da4c1d50, 0x00000192da6eb5f0, 0x00000192da5b1040, 0x00000192da575970,
0x00000192da57c9d0, 0x00000192da54cf10, 0x00000192da550390, 0x00000192da54f670,
0x00000192da54fd00, 0x00000192da54efe0, 0x00000192da54dc30, 0x00000192da54e2c0,
0x00000192daaead20, 0x00000192dcb7d8b0, 0x00000192db39b560, 0x00000192db39c280,
0x00000192db39dcc0, 0x00000192db39bbf0, 0x00000192db39aed0, 0x00000192db39f070
}

Java Threads: ( => current thread )
  0x00000192a3e8ffd0 JavaThread "main"                              [_thread_blocked, id=18732, stack(0x0000002eeaf00000,0x0000002eeb000000) (1024K)]
  0x00000192bf2ef040 JavaThread "Reference Handler"          daemon [_thread_blocked, id=16404, stack(0x0000002eeb700000,0x0000002eeb800000) (1024K)]
  0x00000192bf2efba0 JavaThread "Finalizer"                  daemon [_thread_blocked, id=13708, stack(0x0000002eeb800000,0x0000002eeb900000) (1024K)]
  0x00000192bf2f54b0 JavaThread "Signal Dispatcher"          daemon [_thread_blocked, id=392, stack(0x0000002eeb900000,0x0000002eeba00000) (1024K)]
  0x00000192bf2f6f10 JavaThread "Attach Listener"            daemon [_thread_blocked, id=15388, stack(0x0000002eeba00000,0x0000002eebb00000) (1024K)]
  0x00000192bf2f7d20 JavaThread "Service Thread"             daemon [_thread_blocked, id=17396, stack(0x0000002eebb00000,0x0000002eebc00000) (1024K)]
  0x00000192bf2f88b0 JavaThread "Monitor Deflation Thread"   daemon [_thread_blocked, id=20164, stack(0x0000002eebc00000,0x0000002eebd00000) (1024K)]
=>0x00000192bf2fbf20 JavaThread "C2 CompilerThread0"         daemon [_thread_in_native, id=12792, stack(0x0000002eebd00000,0x0000002eebe00000) (1024K)]
  0x00000192bf300670 JavaThread "C1 CompilerThread0"         daemon [_thread_blocked, id=6272, stack(0x0000002eebe00000,0x0000002eebf00000) (1024K)]
  0x00000192bf2c8b20 JavaThread "Common-Cleaner"             daemon [_thread_blocked, id=16996, stack(0x0000002eebf00000,0x0000002eec000000) (1024K)]
  0x00000192bf51e070 JavaThread "Notification Thread"        daemon [_thread_blocked, id=4244, stack(0x0000002eec000000,0x0000002eec100000) (1024K)]
  0x00000192d9cdbe70 JavaThread "Daemon health stats"               [_thread_blocked, id=15048, stack(0x0000002eec200000,0x0000002eec300000) (1024K)]
  0x00000192da4c1d50 JavaThread "Incoming local TCP Connector on port 49490"        [_thread_in_native, id=7488, stack(0x0000002eec800000,0x0000002eec900000) (1024K)]
  0x00000192da6eb5f0 JavaThread "Daemon periodic checks"            [_thread_blocked, id=13284, stack(0x0000002eec900000,0x0000002eeca00000) (1024K)]
  0x00000192da5b1040 JavaThread "Daemon"                            [_thread_blocked, id=1832, stack(0x0000002eeca00000,0x0000002eecb00000) (1024K)]
  0x00000192da575970 JavaThread "Handler for socket connection from /127.0.0.1:49490 to /127.0.0.1:49491"        [_thread_in_native, id=10608, stack(0x0000002eecb00000,0x0000002eecc00000) (1024K)]
  0x00000192da57c9d0 JavaThread "Cancel handler"                    [_thread_blocked, id=3308, stack(0x0000002eecc00000,0x0000002eecd00000) (1024K)]
  0x00000192da54cf10 JavaThread "Daemon worker"                     [_thread_in_native, id=19528, stack(0x0000002eecd00000,0x0000002eece00000) (1024K)]
  0x00000192da550390 JavaThread "Asynchronous log dispatcher for DefaultDaemonConnection: socket connection from /127.0.0.1:49490 to /127.0.0.1:49491"        [_thread_blocked, id=16908, stack(0x0000002eece00000,0x0000002eecf00000) (1024K)]
  0x00000192da54f670 JavaThread "Stdin handler"                     [_thread_blocked, id=18124, stack(0x0000002eecf00000,0x0000002eed000000) (1024K)]
  0x00000192da54fd00 JavaThread "Daemon client event forwarder"        [_thread_blocked, id=4252, stack(0x0000002eed000000,0x0000002eed100000) (1024K)]
  0x00000192da54efe0 JavaThread "Cache worker for journal cache (C:\Users\luisc\.gradle\caches\journal-1)"        [_thread_blocked, id=18448, stack(0x0000002eec100000,0x0000002eec200000) (1024K)]
  0x00000192da54dc30 JavaThread "File lock request listener"        [_thread_in_native, id=20976, stack(0x0000002eed100000,0x0000002eed200000) (1024K)]
  0x00000192da54e2c0 JavaThread "Cache worker for file hash cache (C:\Users\luisc\.gradle\caches\8.14.3\fileHashes)"        [_thread_blocked, id=9012, stack(0x0000002eed200000,0x0000002eed300000) (1024K)]
  0x00000192daaead20 JavaThread "C2 CompilerThread1"         daemon [_thread_in_native, id=15832, stack(0x0000002eed300000,0x0000002eed400000) (1024K)]
  0x00000192dcb7d8b0 JavaThread "C2 CompilerThread2"         daemon [_thread_in_native, id=16308, stack(0x0000002eed800000,0x0000002eed900000) (1024K)]
  0x00000192db39b560 JavaThread "Cache worker for file hash cache (C:\Users\luisc\IdeaProjects\Laboratorio\spring-lab\.gradle\8.14.3\fileHashes)"        [_thread_blocked, id=15132, stack(0x0000002eedb00000,0x0000002eedc00000) (1024K)]
  0x00000192db39c280 JavaThread "Cache worker for Build Output Cleanup Cache (C:\Users\luisc\IdeaProjects\Laboratorio\spring-lab\.gradle\buildOutputCleanup)"        [_thread_blocked, id=9780, stack(0x0000002eedc00000,0x0000002eedd00000) (1024K)]
  0x00000192db39dcc0 JavaThread "File watcher server"        daemon [_thread_in_native, id=19996, stack(0x0000002eedd00000,0x0000002eede00000) (1024K)]
  0x00000192db39bbf0 JavaThread "File watcher consumer"      daemon [_thread_blocked, id=11972, stack(0x0000002eede00000,0x0000002eedf00000) (1024K)]
  0x00000192db39aed0 JavaThread "jar transforms"                    [_thread_blocked, id=14808, stack(0x0000002eedf00000,0x0000002eee000000) (1024K)]
  0x00000192db39f070 JavaThread "jar transforms Thread 2"           [_thread_blocked, id=9720, stack(0x0000002eee000000,0x0000002eee100000) (1024K)]
Total: 32

Other Threads:
  0x00000192bf2d6a70 VMThread "VM Thread"                           [id=14296, stack(0x0000002eeb600000,0x0000002eeb700000) (1024K)]
  0x00000192bf2c7b20 WatcherThread "VM Periodic Task Thread"        [id=15024, stack(0x0000002eeb500000,0x0000002eeb600000) (1024K)]
  0x00000192a3ebd2a0 WorkerThread "GC Thread#0"                     [id=15076, stack(0x0000002eeb000000,0x0000002eeb100000) (1024K)]
  0x00000192bfb46ce0 WorkerThread "GC Thread#1"                     [id=20856, stack(0x0000002eec300000,0x0000002eec400000) (1024K)]
  0x00000192bfb25ce0 WorkerThread "GC Thread#2"                     [id=4176, stack(0x0000002eec400000,0x0000002eec500000) (1024K)]
  0x00000192bfb752a0 WorkerThread "GC Thread#3"                     [id=13688, stack(0x0000002eec500000,0x0000002eec600000) (1024K)]
  0x00000192bfb75a60 WorkerThread "GC Thread#4"                     [id=18028, stack(0x0000002eec600000,0x0000002eec700000) (1024K)]
  0x00000192bfb75e10 WorkerThread "GC Thread#5"                     [id=14360, stack(0x0000002eec700000,0x0000002eec800000) (1024K)]
  0x00000192d9233c60 WorkerThread "GC Thread#6"                     [id=1436, stack(0x0000002eed400000,0x0000002eed500000) (1024K)]
  0x00000192d9232290 WorkerThread "GC Thread#7"                     [id=10100, stack(0x0000002eed500000,0x0000002eed600000) (1024K)]
  0x00000192dab0c920 WorkerThread "GC Thread#8"                     [id=16640, stack(0x0000002eed600000,0x0000002eed700000) (1024K)]
  0x00000192dab0db90 WorkerThread "GC Thread#9"                     [id=13644, stack(0x0000002eed700000,0x0000002eed800000) (1024K)]
  0x00000192a3ec3200 ConcurrentGCThread "G1 Main Marker"            [id=21480, stack(0x0000002eeb100000,0x0000002eeb200000) (1024K)]
  0x00000192a3ec4b40 WorkerThread "G1 Conc#0"                       [id=19448, stack(0x0000002eeb200000,0x0000002eeb300000) (1024K)]
  0x00000192dcf11cf0 WorkerThread "G1 Conc#1"                       [id=7132, stack(0x0000002eed900000,0x0000002eeda00000) (1024K)]
  0x00000192dcf11590 WorkerThread "G1 Conc#2"                       [id=13576, stack(0x0000002eeda00000,0x0000002eedb00000) (1024K)]
  0x00000192a3f4e8f0 ConcurrentGCThread "G1 Refine#0"               [id=20276, stack(0x0000002eeb300000,0x0000002eeb400000) (1024K)]
  0x00000192bf192a90 ConcurrentGCThread "G1 Service"                [id=17132, stack(0x0000002eeb400000,0x0000002eeb500000) (1024K)]
Total: 18

Threads with active compile tasks:
C2 CompilerThread0  5972 3776   !   4       java.lang.ClassLoader::loadClass (121 bytes)
C2 CompilerThread1  5972 3782       4       java.net.URLClassLoader$1::run (5 bytes)
C2 CompilerThread2  5972 3781   !   4       java.net.URLClassLoader::findClass (47 bytes)
Total: 3

VM state: not at safepoint (normal execution)

VM Mutex/Monitor currently owned by a thread: None

Heap address: 0x00000000e0000000, size: 512 MB, Compressed Oops mode: 32-bit

CDS archive(s) mapped at: [0x00000192c0000000-0x00000192c0d70000-0x00000192c0d70000), size 14090240, SharedBaseAddress: 0x00000192c0000000, ArchiveRelocationMode: 1.
Compressed class space mapped at: 0x00000192c1000000-0x00000192d5000000, reserved size: 335544320
Narrow klass base: 0x00000192c0000000, Narrow klass shift: 0, Narrow klass range: 0x15000000

GC Precious Log:
 CardTable entry size: 512
 Card Set container configuration: InlinePtr #cards 5 size 8 Array Of Cards #cards 10 size 36 Howl #buckets 4 coarsen threshold 1843 Howl Bitmap #cards 512 size 80 coarsen threshold 460 Card regions per heap region 1 cards per card region 2048
 CPUs: 12 total, 12 available
 Memory: 10101M
 Large Page Support: Disabled
 NUMA Support: Disabled
 Compressed Oops: Enabled (32-bit)
 Heap Region Size: 1M
 Heap Min Capacity: 256M
 Heap Initial Capacity: 256M
 Heap Max Capacity: 512M
 Pre-touch: Disabled
 Parallel Workers: 10
 Concurrent Workers: 3
 Concurrent Refinement Workers: 10
 Periodic GC: Disabled

Heap:
 garbage-first heap   total reserved 524288K, committed 262144K, used 82982K [0x00000000e0000000, 0x0000000100000000)
  region size 1024K, 61 young (62464K), 3 survivors (3072K)
 Metaspace       used 28739K, committed 29696K, reserved 393216K
  class space    used 4359K, committed 4800K, reserved 327680K

Heap Regions: E=young(eden), S=young(survivor), O=old, HS=humongous(starts), HC=humongous(continues), CS=collection set, F=free, TAMS=top-at-mark-start, PB=parsable bottom
|   0|0x00000000e0000000, 0x00000000e0100000, 0x00000000e0100000|100%|HS|  |TAMS 0x00000000e0000000| PB 0x00000000e0000000| Complete |  0
|   1|0x00000000e0100000, 0x00000000e0200000, 0x00000000e0200000|100%|HC|  |TAMS 0x00000000e0100000| PB 0x00000000e0100000| Complete |  0
|   2|0x00000000e0200000, 0x00000000e0300000, 0x00000000e0300000|100%|HC|  |TAMS 0x00000000e0200000| PB 0x00000000e0200000| Complete |  0
|   3|0x00000000e0300000, 0x00000000e0400000, 0x00000000e0400000|100%| O|  |TAMS 0x00000000e0300000| PB 0x00000000e0300000| Untracked |  0
|   4|0x00000000e0400000, 0x00000000e0500000, 0x00000000e0500000|100%| O|Cm|TAMS 0x00000000e0400000| PB 0x00000000e0400000| Complete |  0
|   5|0x00000000e0500000, 0x00000000e0600000, 0x00000000e0600000|100%| O|  |TAMS 0x00000000e0500000| PB 0x00000000e0500000| Untracked |  0
|   6|0x00000000e0600000, 0x00000000e0700000, 0x00000000e0700000|100%| O|  |TAMS 0x00000000e0600000| PB 0x00000000e0600000| Untracked |  0
|   7|0x00000000e0700000, 0x00000000e0800000, 0x00000000e0800000|100%| O|  |TAMS 0x00000000e0700000| PB 0x00000000e0700000| Untracked |  0
|   8|0x00000000e0800000, 0x00000000e0900000, 0x00000000e0900000|100%| O|  |TAMS 0x00000000e0800000| PB 0x00000000e0800000| Untracked |  0
|   9|0x00000000e0900000, 0x00000000e0a00000, 0x00000000e0a00000|100%| O|  |TAMS 0x00000000e0900000| PB 0x00000000e0900000| Untracked |  0
|  10|0x00000000e0a00000, 0x00000000e0b00000, 0x00000000e0b00000|100%| O|  |TAMS 0x00000000e0a00000| PB 0x00000000e0a00000| Untracked |  0
|  11|0x00000000e0b00000, 0x00000000e0c00000, 0x00000000e0c00000|100%|HS|  |TAMS 0x00000000e0b00000| PB 0x00000000e0b00000| Complete |  0
|  12|0x00000000e0c00000, 0x00000000e0d00000, 0x00000000e0d00000|100%| O|  |TAMS 0x00000000e0c00000| PB 0x00000000e0c00000| Untracked |  0
|  13|0x00000000e0d00000, 0x00000000e0e00000, 0x00000000e0e00000|100%| O|  |TAMS 0x00000000e0d00000| PB 0x00000000e0d00000| Untracked |  0
|  14|0x00000000e0e00000, 0x00000000e0f00000, 0x00000000e0f00000|100%| O|  |TAMS 0x00000000e0e00000| PB 0x00000000e0e00000| Untracked |  0
|  15|0x00000000e0f00000, 0x00000000e1000000, 0x00000000e1000000|100%| O|  |TAMS 0x00000000e0f00000| PB 0x00000000e0f00000| Untracked |  0
|  16|0x00000000e1000000, 0x00000000e1100000, 0x00000000e1100000|100%| O|  |TAMS 0x00000000e1000000| PB 0x00000000e1000000| Untracked |  0
|  17|0x00000000e1100000, 0x00000000e1200000, 0x00000000e1200000|100%| O|  |TAMS 0x00000000e1100000| PB 0x00000000e1100000| Untracked |  0
|  18|0x00000000e1200000, 0x00000000e1300000, 0x00000000e1300000|100%| O|  |TAMS 0x00000000e1200000| PB 0x00000000e1200000| Untracked |  0
|  19|0x00000000e1300000, 0x00000000e1400000, 0x00000000e1400000|100%| O|  |TAMS 0x00000000e1300000| PB 0x00000000e1300000| Untracked |  0
|  20|0x00000000e1400000, 0x00000000e1500000, 0x00000000e1500000|100%| O|  |TAMS 0x00000000e1400000| PB 0x00000000e1400000| Untracked |  0
|  21|0x00000000e1500000, 0x00000000e1551180, 0x00000000e1600000| 31%| O|  |TAMS 0x00000000e1500000| PB 0x00000000e1500000| Untracked |  0
|  22|0x00000000e1600000, 0x00000000e1600000, 0x00000000e1700000|  0%| F|  |TAMS 0x00000000e1600000| PB 0x00000000e1600000| Untracked |  0
|  23|0x00000000e1700000, 0x00000000e1700000, 0x00000000e1800000|  0%| F|  |TAMS 0x00000000e1700000| PB 0x00000000e1700000| Untracked |  0
|  24|0x00000000e1800000, 0x00000000e1800000, 0x00000000e1900000|  0%| F|  |TAMS 0x00000000e1800000| PB 0x00000000e1800000| Untracked |  0
|  25|0x00000000e1900000, 0x00000000e1900000, 0x00000000e1a00000|  0%| F|  |TAMS 0x00000000e1900000| PB 0x00000000e1900000| Untracked |  0
|  26|0x00000000e1a00000, 0x00000000e1a00000, 0x00000000e1b00000|  0%| F|  |TAMS 0x00000000e1a00000| PB 0x00000000e1a00000| Untracked |  0
|  27|0x00000000e1b00000, 0x00000000e1b00000, 0x00000000e1c00000|  0%| F|  |TAMS 0x00000000e1b00000| PB 0x00000000e1b00000| Untracked |  0
|  28|0x00000000e1c00000, 0x00000000e1c00000, 0x00000000e1d00000|  0%| F|  |TAMS 0x00000000e1c00000| PB 0x00000000e1c00000| Untracked |  0
|  29|0x00000000e1d00000, 0x00000000e1d00000, 0x00000000e1e00000|  0%| F|  |TAMS 0x00000000e1d00000| PB 0x00000000e1d00000| Untracked |  0
|  30|0x00000000e1e00000, 0x00000000e1e00000, 0x00000000e1f00000|  0%| F|  |TAMS 0x00000000e1e00000| PB 0x00000000e1e00000| Untracked |  0
|  31|0x00000000e1f00000, 0x00000000e1f00000, 0x00000000e2000000|  0%| F|  |TAMS 0x00000000e1f00000| PB 0x00000000e1f00000| Untracked |  0
|  32|0x00000000e2000000, 0x00000000e2000000, 0x00000000e2100000|  0%| F|  |TAMS 0x00000000e2000000| PB 0x00000000e2000000| Untracked |  0
|  33|0x00000000e2100000, 0x00000000e2100000, 0x00000000e2200000|  0%| F|  |TAMS 0x00000000e2100000| PB 0x00000000e2100000| Untracked |  0
|  34|0x00000000e2200000, 0x00000000e2200000, 0x00000000e2300000|  0%| F|  |TAMS 0x00000000e2200000| PB 0x00000000e2200000| Untracked |  0
|  35|0x00000000e2300000, 0x00000000e2300000, 0x00000000e2400000|  0%| F|  |TAMS 0x00000000e2300000| PB 0x00000000e2300000| Untracked |  0
|  36|0x00000000e2400000, 0x00000000e2400000, 0x00000000e2500000|  0%| F|  |TAMS 0x00000000e2400000| PB 0x00000000e2400000| Untracked |  0
|  37|0x00000000e2500000, 0x00000000e2500000, 0x00000000e2600000|  0%| F|  |TAMS 0x00000000e2500000| PB 0x00000000e2500000| Untracked |  0
|  38|0x00000000e2600000, 0x00000000e2600000, 0x00000000e2700000|  0%| F|  |TAMS 0x00000000e2600000| PB 0x00000000e2600000| Untracked |  0
|  39|0x00000000e2700000, 0x00000000e2700000, 0x00000000e2800000|  0%| F|  |TAMS 0x00000000e2700000| PB 0x00000000e2700000| Untracked |  0
|  40|0x00000000e2800000, 0x00000000e2800000, 0x00000000e2900000|  0%| F|  |TAMS 0x00000000e2800000| PB 0x00000000e2800000| Untracked |  0
|  41|0x00000000e2900000, 0x00000000e2900000, 0x00000000e2a00000|  0%| F|  |TAMS 0x00000000e2900000| PB 0x00000000e2900000| Untracked |  0
|  42|0x00000000e2a00000, 0x00000000e2a00000, 0x00000000e2b00000|  0%| F|  |TAMS 0x00000000e2a00000| PB 0x00000000e2a00000| Untracked |  0
|  43|0x00000000e2b00000, 0x00000000e2b00000, 0x00000000e2c00000|  0%| F|  |TAMS 0x00000000e2b00000| PB 0x00000000e2b00000| Untracked |  0
|  44|0x00000000e2c00000, 0x00000000e2c00000, 0x00000000e2d00000|  0%| F|  |TAMS 0x00000000e2c00000| PB 0x00000000e2c00000| Untracked |  0
|  45|0x00000000e2d00000, 0x00000000e2d00000, 0x00000000e2e00000|  0%| F|  |TAMS 0x00000000e2d00000| PB 0x00000000e2d00000| Untracked |  0
|  46|0x00000000e2e00000, 0x00000000e2e00000, 0x00000000e2f00000|  0%| F|  |TAMS 0x00000000e2e00000| PB 0x00000000e2e00000| Untracked |  0
|  47|0x00000000e2f00000, 0x00000000e2f00000, 0x00000000e3000000|  0%| F|  |TAMS 0x00000000e2f00000| PB 0x00000000e2f00000| Untracked |  0
|  48|0x00000000e3000000, 0x00000000e3000000, 0x00000000e3100000|  0%| F|  |TAMS 0x00000000e3000000| PB 0x00000000e3000000| Untracked |  0
|  49|0x00000000e3100000, 0x00000000e3100000, 0x00000000e3200000|  0%| F|  |TAMS 0x00000000e3100000| PB 0x00000000e3100000| Untracked |  0
|  50|0x00000000e3200000, 0x00000000e3200000, 0x00000000e3300000|  0%| F|  |TAMS 0x00000000e3200000| PB 0x00000000e3200000| Untracked |  0
|  51|0x00000000e3300000, 0x00000000e3300000, 0x00000000e3400000|  0%| F|  |TAMS 0x00000000e3300000| PB 0x00000000e3300000| Untracked |  0
|  52|0x00000000e3400000, 0x00000000e3400000, 0x00000000e3500000|  0%| F|  |TAMS 0x00000000e3400000| PB 0x00000000e3400000| Untracked |  0
|  53|0x00000000e3500000, 0x00000000e3500000, 0x00000000e3600000|  0%| F|  |TAMS 0x00000000e3500000| PB 0x00000000e3500000| Untracked |  0
|  54|0x00000000e3600000, 0x00000000e3600000, 0x00000000e3700000|  0%| F|  |TAMS 0x00000000e3600000| PB 0x00000000e3600000| Untracked |  0
|  55|0x00000000e3700000, 0x00000000e3700000, 0x00000000e3800000|  0%| F|  |TAMS 0x00000000e3700000| PB 0x00000000e3700000| Untracked |  0
|  56|0x00000000e3800000, 0x00000000e3800000, 0x00000000e3900000|  0%| F|  |TAMS 0x00000000e3800000| PB 0x00000000e3800000| Untracked |  0
|  57|0x00000000e3900000, 0x00000000e3900000, 0x00000000e3a00000|  0%| F|  |TAMS 0x00000000e3900000| PB 0x00000000e3900000| Untracked |  0
|  58|0x00000000e3a00000, 0x00000000e3a00000, 0x00000000e3b00000|  0%| F|  |TAMS 0x00000000e3a00000| PB 0x00000000e3a00000| Untracked |  0
|  59|0x00000000e3b00000, 0x00000000e3b00000, 0x00000000e3c00000|  0%| F|  |TAMS 0x00000000e3b00000| PB 0x00000000e3b00000| Untracked |  0
|  60|0x00000000e3c00000, 0x00000000e3c00000, 0x00000000e3d00000|  0%| F|  |TAMS 0x00000000e3c00000| PB 0x00000000e3c00000| Untracked |  0
|  61|0x00000000e3d00000, 0x00000000e3d00000, 0x00000000e3e00000|  0%| F|  |TAMS 0x00000000e3d00000| PB 0x00000000e3d00000| Untracked |  0
|  62|0x00000000e3e00000, 0x00000000e3e00000, 0x00000000e3f00000|  0%| F|  |TAMS 0x00000000e3e00000| PB 0x00000000e3e00000| Untracked |  0
|  63|0x00000000e3f00000, 0x00000000e3f00000, 0x00000000e4000000|  0%| F|  |TAMS 0x00000000e3f00000| PB 0x00000000e3f00000| Untracked |  0
|  64|0x00000000e4000000, 0x00000000e4000000, 0x00000000e4100000|  0%| F|  |TAMS 0x00000000e4000000| PB 0x00000000e4000000| Untracked |  0
|  65|0x00000000e4100000, 0x00000000e4100000, 0x00000000e4200000|  0%| F|  |TAMS 0x00000000e4100000| PB 0x00000000e4100000| Untracked |  0
|  66|0x00000000e4200000, 0x00000000e4200000, 0x00000000e4300000|  0%| F|  |TAMS 0x00000000e4200000| PB 0x00000000e4200000| Untracked |  0
|  67|0x00000000e4300000, 0x00000000e4300000, 0x00000000e4400000|  0%| F|  |TAMS 0x00000000e4300000| PB 0x00000000e4300000| Untracked |  0
|  68|0x00000000e4400000, 0x00000000e4400000, 0x00000000e4500000|  0%| F|  |TAMS 0x00000000e4400000| PB 0x00000000e4400000| Untracked |  0
|  69|0x00000000e4500000, 0x00000000e4500000, 0x00000000e4600000|  0%| F|  |TAMS 0x00000000e4500000| PB 0x00000000e4500000| Untracked |  0
|  70|0x00000000e4600000, 0x00000000e4600000, 0x00000000e4700000|  0%| F|  |TAMS 0x00000000e4600000| PB 0x00000000e4600000| Untracked |  0
|  71|0x00000000e4700000, 0x00000000e4700000, 0x00000000e4800000|  0%| F|  |TAMS 0x00000000e4700000| PB 0x00000000e4700000| Untracked |  0
|  72|0x00000000e4800000, 0x00000000e4800000, 0x00000000e4900000|  0%| F|  |TAMS 0x00000000e4800000| PB 0x00000000e4800000| Untracked |  0
|  73|0x00000000e4900000, 0x00000000e4900000, 0x00000000e4a00000|  0%| F|  |TAMS 0x00000000e4900000| PB 0x00000000e4900000| Untracked |  0
|  74|0x00000000e4a00000, 0x00000000e4a00000, 0x00000000e4b00000|  0%| F|  |TAMS 0x00000000e4a00000| PB 0x00000000e4a00000| Untracked |  0
|  75|0x00000000e4b00000, 0x00000000e4b00000, 0x00000000e4c00000|  0%| F|  |TAMS 0x00000000e4b00000| PB 0x00000000e4b00000| Untracked |  0
|  76|0x00000000e4c00000, 0x00000000e4c00000, 0x00000000e4d00000|  0%| F|  |TAMS 0x00000000e4c00000| PB 0x00000000e4c00000| Untracked |  0
|  77|0x00000000e4d00000, 0x00000000e4d00000, 0x00000000e4e00000|  0%| F|  |TAMS 0x00000000e4d00000| PB 0x00000000e4d00000| Untracked |  0
|  78|0x00000000e4e00000, 0x00000000e4e00000, 0x00000000e4f00000|  0%| F|  |TAMS 0x00000000e4e00000| PB 0x00000000e4e00000| Untracked |  0
|  79|0x00000000e4f00000, 0x00000000e4f00000, 0x00000000e5000000|  0%| F|  |TAMS 0x00000000e4f00000| PB 0x00000000e4f00000| Untracked |  0
|  80|0x00000000e5000000, 0x00000000e5000000, 0x00000000e5100000|  0%| F|  |TAMS 0x00000000e5000000| PB 0x00000000e5000000| Untracked |  0
|  81|0x00000000e5100000, 0x00000000e5100000, 0x00000000e5200000|  0%| F|  |TAMS 0x00000000e5100000| PB 0x00000000e5100000| Untracked |  0
|  82|0x00000000e5200000, 0x00000000e5200000, 0x00000000e5300000|  0%| F|  |TAMS 0x00000000e5200000| PB 0x00000000e5200000| Untracked |  0
|  83|0x00000000e5300000, 0x00000000e5300000, 0x00000000e5400000|  0%| F|  |TAMS 0x00000000e5300000| PB 0x00000000e5300000| Untracked |  0
|  84|0x00000000e5400000, 0x00000000e5400000, 0x00000000e5500000|  0%| F|  |TAMS 0x00000000e5400000| PB 0x00000000e5400000| Untracked |  0
|  85|0x00000000e5500000, 0x00000000e5500000, 0x00000000e5600000|  0%| F|  |TAMS 0x00000000e5500000| PB 0x00000000e5500000| Untracked |  0
|  86|0x00000000e5600000, 0x00000000e5600000, 0x00000000e5700000|  0%| F|  |TAMS 0x00000000e5600000| PB 0x00000000e5600000| Untracked |  0
|  87|0x00000000e5700000, 0x00000000e5700000, 0x00000000e5800000|  0%| F|  |TAMS 0x00000000e5700000| PB 0x00000000e5700000| Untracked |  0
|  88|0x00000000e5800000, 0x00000000e5800000, 0x00000000e5900000|  0%| F|  |TAMS 0x00000000e5800000| PB 0x00000000e5800000| Untracked |  0
|  89|0x00000000e5900000, 0x00000000e5900000, 0x00000000e5a00000|  0%| F|  |TAMS 0x00000000e5900000| PB 0x00000000e5900000| Untracked |  0
|  90|0x00000000e5a00000, 0x00000000e5a00000, 0x00000000e5b00000|  0%| F|  |TAMS 0x00000000e5a00000| PB 0x00000000e5a00000| Untracked |  0
|  91|0x00000000e5b00000, 0x00000000e5b00000, 0x00000000e5c00000|  0%| F|  |TAMS 0x00000000e5b00000| PB 0x00000000e5b00000| Untracked |  0
|  92|0x00000000e5c00000, 0x00000000e5c00000, 0x00000000e5d00000|  0%| F|  |TAMS 0x00000000e5c00000| PB 0x00000000e5c00000| Untracked |  0
|  93|0x00000000e5d00000, 0x00000000e5d00000, 0x00000000e5e00000|  0%| F|  |TAMS 0x00000000e5d00000| PB 0x00000000e5d00000| Untracked |  0
|  94|0x00000000e5e00000, 0x00000000e5e00000, 0x00000000e5f00000|  0%| F|  |TAMS 0x00000000e5e00000| PB 0x00000000e5e00000| Untracked |  0
|  95|0x00000000e5f00000, 0x00000000e5f00000, 0x00000000e6000000|  0%| F|  |TAMS 0x00000000e5f00000| PB 0x00000000e5f00000| Untracked |  0
|  96|0x00000000e6000000, 0x00000000e6000000, 0x00000000e6100000|  0%| F|  |TAMS 0x00000000e6000000| PB 0x00000000e6000000| Untracked |  0
|  97|0x00000000e6100000, 0x00000000e6100000, 0x00000000e6200000|  0%| F|  |TAMS 0x00000000e6100000| PB 0x00000000e6100000| Untracked |  0
|  98|0x00000000e6200000, 0x00000000e6200000, 0x00000000e6300000|  0%| F|  |TAMS 0x00000000e6200000| PB 0x00000000e6200000| Untracked |  0
|  99|0x00000000e6300000, 0x00000000e6300000, 0x00000000e6400000|  0%| F|  |TAMS 0x00000000e6300000| PB 0x00000000e6300000| Untracked |  0
| 100|0x00000000e6400000, 0x00000000e6400000, 0x00000000e6500000|  0%| F|  |TAMS 0x00000000e6400000| PB 0x00000000e6400000| Untracked |  0
| 101|0x00000000e6500000, 0x00000000e6500000, 0x00000000e6600000|  0%| F|  |TAMS 0x00000000e6500000| PB 0x00000000e6500000| Untracked |  0
| 102|0x00000000e6600000, 0x00000000e6600000, 0x00000000e6700000|  0%| F|  |TAMS 0x00000000e6600000| PB 0x00000000e6600000| Untracked |  0
| 103|0x00000000e6700000, 0x00000000e6700000, 0x00000000e6800000|  0%| F|  |TAMS 0x00000000e6700000| PB 0x00000000e6700000| Untracked |  0
| 104|0x00000000e6800000, 0x00000000e6800000, 0x00000000e6900000|  0%| F|  |TAMS 0x00000000e6800000| PB 0x00000000e6800000| Untracked |  0
| 105|0x00000000e6900000, 0x00000000e6900000, 0x00000000e6a00000|  0%| F|  |TAMS 0x00000000e6900000| PB 0x00000000e6900000| Untracked |  0
| 106|0x00000000e6a00000, 0x00000000e6a00000, 0x00000000e6b00000|  0%| F|  |TAMS 0x00000000e6a00000| PB 0x00000000e6a00000| Untracked |  0
| 107|0x00000000e6b00000, 0x00000000e6b00000, 0x00000000e6c00000|  0%| F|  |TAMS 0x00000000e6b00000| PB 0x00000000e6b00000| Untracked |  0
| 108|0x00000000e6c00000, 0x00000000e6c00000, 0x00000000e6d00000|  0%| F|  |TAMS 0x00000000e6c00000| PB 0x00000000e6c00000| Untracked |  0
| 109|0x00000000e6d00000, 0x00000000e6d00000, 0x00000000e6e00000|  0%| F|  |TAMS 0x00000000e6d00000| PB 0x00000000e6d00000| Untracked |  0
| 110|0x00000000e6e00000, 0x00000000e6e00000, 0x00000000e6f00000|  0%| F|  |TAMS 0x00000000e6e00000| PB 0x00000000e6e00000| Untracked |  0
| 111|0x00000000e6f00000, 0x00000000e6f00000, 0x00000000e7000000|  0%| F|  |TAMS 0x00000000e6f00000| PB 0x00000000e6f00000| Untracked |  0
| 112|0x00000000e7000000, 0x00000000e7000000, 0x00000000e7100000|  0%| F|  |TAMS 0x00000000e7000000| PB 0x00000000e7000000| Untracked |  0
| 113|0x00000000e7100000, 0x00000000e7100000, 0x00000000e7200000|  0%| F|  |TAMS 0x00000000e7100000| PB 0x00000000e7100000| Untracked |  0
| 114|0x00000000e7200000, 0x00000000e7200000, 0x00000000e7300000|  0%| F|  |TAMS 0x00000000e7200000| PB 0x00000000e7200000| Untracked |  0
| 115|0x00000000e7300000, 0x00000000e7300000, 0x00000000e7400000|  0%| F|  |TAMS 0x00000000e7300000| PB 0x00000000e7300000| Untracked |  0
| 116|0x00000000e7400000, 0x00000000e7400000, 0x00000000e7500000|  0%| F|  |TAMS 0x00000000e7400000| PB 0x00000000e7400000| Untracked |  0
| 117|0x00000000e7500000, 0x00000000e7500000, 0x00000000e7600000|  0%| F|  |TAMS 0x00000000e7500000| PB 0x00000000e7500000| Untracked |  0
| 118|0x00000000e7600000, 0x00000000e7600000, 0x00000000e7700000|  0%| F|  |TAMS 0x00000000e7600000| PB 0x00000000e7600000| Untracked |  0
| 119|0x00000000e7700000, 0x00000000e7700000, 0x00000000e7800000|  0%| F|  |TAMS 0x00000000e7700000| PB 0x00000000e7700000| Untracked |  0
| 120|0x00000000e7800000, 0x00000000e7800000, 0x00000000e7900000|  0%| F|  |TAMS 0x00000000e7800000| PB 0x00000000e7800000| Untracked |  0
| 121|0x00000000e7900000, 0x00000000e7900000, 0x00000000e7a00000|  0%| F|  |TAMS 0x00000000e7900000| PB 0x00000000e7900000| Untracked |  0
| 122|0x00000000e7a00000, 0x00000000e7a00000, 0x00000000e7b00000|  0%| F|  |TAMS 0x00000000e7a00000| PB 0x00000000e7a00000| Untracked |  0
| 123|0x00000000e7b00000, 0x00000000e7b00000, 0x00000000e7c00000|  0%| F|  |TAMS 0x00000000e7b00000| PB 0x00000000e7b00000| Untracked |  0
| 124|0x00000000e7c00000, 0x00000000e7c00000, 0x00000000e7d00000|  0%| F|  |TAMS 0x00000000e7c00000| PB 0x00000000e7c00000| Untracked |  0
| 125|0x00000000e7d00000, 0x00000000e7d00000, 0x00000000e7e00000|  0%| F|  |TAMS 0x00000000e7d00000| PB 0x00000000e7d00000| Untracked |  0
| 126|0x00000000e7e00000, 0x00000000e7e00000, 0x00000000e7f00000|  0%| F|  |TAMS 0x00000000e7e00000| PB 0x00000000e7e00000| Untracked |  0
| 127|0x00000000e7f00000, 0x00000000e7f00000, 0x00000000e8000000|  0%| F|  |TAMS 0x00000000e7f00000| PB 0x00000000e7f00000| Untracked |  0
| 128|0x00000000e8000000, 0x00000000e8000000, 0x00000000e8100000|  0%| F|  |TAMS 0x00000000e8000000| PB 0x00000000e8000000| Untracked |  0
| 129|0x00000000e8100000, 0x00000000e8100000, 0x00000000e8200000|  0%| F|  |TAMS 0x00000000e8100000| PB 0x00000000e8100000| Untracked |  0
| 130|0x00000000e8200000, 0x00000000e8200000, 0x00000000e8300000|  0%| F|  |TAMS 0x00000000e8200000| PB 0x00000000e8200000| Untracked |  0
| 131|0x00000000e8300000, 0x00000000e8300000, 0x00000000e8400000|  0%| F|  |TAMS 0x00000000e8300000| PB 0x00000000e8300000| Untracked |  0
| 132|0x00000000e8400000, 0x00000000e8400000, 0x00000000e8500000|  0%| F|  |TAMS 0x00000000e8400000| PB 0x00000000e8400000| Untracked |  0
| 133|0x00000000e8500000, 0x00000000e8500000, 0x00000000e8600000|  0%| F|  |TAMS 0x00000000e8500000| PB 0x00000000e8500000| Untracked |  0
| 134|0x00000000e8600000, 0x00000000e8600000, 0x00000000e8700000|  0%| F|  |TAMS 0x00000000e8600000| PB 0x00000000e8600000| Untracked |  0
| 135|0x00000000e8700000, 0x00000000e8700000, 0x00000000e8800000|  0%| F|  |TAMS 0x00000000e8700000| PB 0x00000000e8700000| Untracked |  0
| 136|0x00000000e8800000, 0x00000000e8800000, 0x00000000e8900000|  0%| F|  |TAMS 0x00000000e8800000| PB 0x00000000e8800000| Untracked |  0
| 137|0x00000000e8900000, 0x00000000e8900000, 0x00000000e8a00000|  0%| F|  |TAMS 0x00000000e8900000| PB 0x00000000e8900000| Untracked |  0
| 138|0x00000000e8a00000, 0x00000000e8a00000, 0x00000000e8b00000|  0%| F|  |TAMS 0x00000000e8a00000| PB 0x00000000e8a00000| Untracked |  0
| 139|0x00000000e8b00000, 0x00000000e8b00000, 0x00000000e8c00000|  0%| F|  |TAMS 0x00000000e8b00000| PB 0x00000000e8b00000| Untracked |  0
| 140|0x00000000e8c00000, 0x00000000e8c00000, 0x00000000e8d00000|  0%| F|  |TAMS 0x00000000e8c00000| PB 0x00000000e8c00000| Untracked |  0
| 141|0x00000000e8d00000, 0x00000000e8d00000, 0x00000000e8e00000|  0%| F|  |TAMS 0x00000000e8d00000| PB 0x00000000e8d00000| Untracked |  0
| 142|0x00000000e8e00000, 0x00000000e8e00000, 0x00000000e8f00000|  0%| F|  |TAMS 0x00000000e8e00000| PB 0x00000000e8e00000| Untracked |  0
| 143|0x00000000e8f00000, 0x00000000e8f00000, 0x00000000e9000000|  0%| F|  |TAMS 0x00000000e8f00000| PB 0x00000000e8f00000| Untracked |  0
| 144|0x00000000e9000000, 0x00000000e9000000, 0x00000000e9100000|  0%| F|  |TAMS 0x00000000e9000000| PB 0x00000000e9000000| Untracked |  0
| 145|0x00000000e9100000, 0x00000000e9100000, 0x00000000e9200000|  0%| F|  |TAMS 0x00000000e9100000| PB 0x00000000e9100000| Untracked |  0
| 146|0x00000000e9200000, 0x00000000e9200000, 0x00000000e9300000|  0%| F|  |TAMS 0x00000000e9200000| PB 0x00000000e9200000| Untracked |  0
| 147|0x00000000e9300000, 0x00000000e9300000, 0x00000000e9400000|  0%| F|  |TAMS 0x00000000e9300000| PB 0x00000000e9300000| Untracked |  0
| 148|0x00000000e9400000, 0x00000000e9400000, 0x00000000e9500000|  0%| F|  |TAMS 0x00000000e9400000| PB 0x00000000e9400000| Untracked |  0
| 149|0x00000000e9500000, 0x00000000e9500000, 0x00000000e9600000|  0%| F|  |TAMS 0x00000000e9500000| PB 0x00000000e9500000| Untracked |  0
| 150|0x00000000e9600000, 0x00000000e9600000, 0x00000000e9700000|  0%| F|  |TAMS 0x00000000e9600000| PB 0x00000000e9600000| Untracked |  0
| 151|0x00000000e9700000, 0x00000000e9700000, 0x00000000e9800000|  0%| F|  |TAMS 0x00000000e9700000| PB 0x00000000e9700000| Untracked |  0
| 152|0x00000000e9800000, 0x00000000e9800000, 0x00000000e9900000|  0%| F|  |TAMS 0x00000000e9800000| PB 0x00000000e9800000| Untracked |  0
| 153|0x00000000e9900000, 0x00000000e9900000, 0x00000000e9a00000|  0%| F|  |TAMS 0x00000000e9900000| PB 0x00000000e9900000| Untracked |  0
| 154|0x00000000e9a00000, 0x00000000e9a00000, 0x00000000e9b00000|  0%| F|  |TAMS 0x00000000e9a00000| PB 0x00000000e9a00000| Untracked |  0
| 155|0x00000000e9b00000, 0x00000000e9b00000, 0x00000000e9c00000|  0%| F|  |TAMS 0x00000000e9b00000| PB 0x00000000e9b00000| Untracked |  0
| 156|0x00000000e9c00000, 0x00000000e9c00000, 0x00000000e9d00000|  0%| F|  |TAMS 0x00000000e9c00000| PB 0x00000000e9c00000| Untracked |  0
| 157|0x00000000e9d00000, 0x00000000e9d00000, 0x00000000e9e00000|  0%| F|  |TAMS 0x00000000e9d00000| PB 0x00000000e9d00000| Untracked |  0
| 158|0x00000000e9e00000, 0x00000000e9e00000, 0x00000000e9f00000|  0%| F|  |TAMS 0x00000000e9e00000| PB 0x00000000e9e00000| Untracked |  0
| 159|0x00000000e9f00000, 0x00000000e9f00000, 0x00000000ea000000|  0%| F|  |TAMS 0x00000000e9f00000| PB 0x00000000e9f00000| Untracked |  0
| 160|0x00000000ea000000, 0x00000000ea000000, 0x00000000ea100000|  0%| F|  |TAMS 0x00000000ea000000| PB 0x00000000ea000000| Untracked |  0
| 161|0x00000000ea100000, 0x00000000ea100000, 0x00000000ea200000|  0%| F|  |TAMS 0x00000000ea100000| PB 0x00000000ea100000| Untracked |  0
| 162|0x00000000ea200000, 0x00000000ea200000, 0x00000000ea300000|  0%| F|  |TAMS 0x00000000ea200000| PB 0x00000000ea200000| Untracked |  0
| 163|0x00000000ea300000, 0x00000000ea300000, 0x00000000ea400000|  0%| F|  |TAMS 0x00000000ea300000| PB 0x00000000ea300000| Untracked |  0
| 164|0x00000000ea400000, 0x00000000ea400000, 0x00000000ea500000|  0%| F|  |TAMS 0x00000000ea400000| PB 0x00000000ea400000| Untracked |  0
| 165|0x00000000ea500000, 0x00000000ea500000, 0x00000000ea600000|  0%| F|  |TAMS 0x00000000ea500000| PB 0x00000000ea500000| Untracked |  0
| 166|0x00000000ea600000, 0x00000000ea600000, 0x00000000ea700000|  0%| F|  |TAMS 0x00000000ea600000| PB 0x00000000ea600000| Untracked |  0
| 167|0x00000000ea700000, 0x00000000ea700000, 0x00000000ea800000|  0%| F|  |TAMS 0x00000000ea700000| PB 0x00000000ea700000| Untracked |  0
| 168|0x00000000ea800000, 0x00000000ea800000, 0x00000000ea900000|  0%| F|  |TAMS 0x00000000ea800000| PB 0x00000000ea800000| Untracked |  0
| 169|0x00000000ea900000, 0x00000000ea900000, 0x00000000eaa00000|  0%| F|  |TAMS 0x00000000ea900000| PB 0x00000000ea900000| Untracked |  0
| 170|0x00000000eaa00000, 0x00000000eaa00000, 0x00000000eab00000|  0%| F|  |TAMS 0x00000000eaa00000| PB 0x00000000eaa00000| Untracked |  0
| 171|0x00000000eab00000, 0x00000000eab00000, 0x00000000eac00000|  0%| F|  |TAMS 0x00000000eab00000| PB 0x00000000eab00000| Untracked |  0
| 172|0x00000000eac00000, 0x00000000eac00000, 0x00000000ead00000|  0%| F|  |TAMS 0x00000000eac00000| PB 0x00000000eac00000| Untracked |  0
| 173|0x00000000ead00000, 0x00000000ead00000, 0x00000000eae00000|  0%| F|  |TAMS 0x00000000ead00000| PB 0x00000000ead00000| Untracked |  0
| 174|0x00000000eae00000, 0x00000000eae00000, 0x00000000eaf00000|  0%| F|  |TAMS 0x00000000eae00000| PB 0x00000000eae00000| Untracked |  0
| 175|0x00000000eaf00000, 0x00000000eaf00000, 0x00000000eb000000|  0%| F|  |TAMS 0x00000000eaf00000| PB 0x00000000eaf00000| Untracked |  0
| 176|0x00000000eb000000, 0x00000000eb000000, 0x00000000eb100000|  0%| F|  |TAMS 0x00000000eb000000| PB 0x00000000eb000000| Untracked |  0
| 177|0x00000000eb100000, 0x00000000eb100000, 0x00000000eb200000|  0%| F|  |TAMS 0x00000000eb100000| PB 0x00000000eb100000| Untracked |  0
| 178|0x00000000eb200000, 0x00000000eb200000, 0x00000000eb300000|  0%| F|  |TAMS 0x00000000eb200000| PB 0x00000000eb200000| Untracked |  0
| 179|0x00000000eb300000, 0x00000000eb300000, 0x00000000eb400000|  0%| F|  |TAMS 0x00000000eb300000| PB 0x00000000eb300000| Untracked |  0
| 180|0x00000000eb400000, 0x00000000eb400000, 0x00000000eb500000|  0%| F|  |TAMS 0x00000000eb400000| PB 0x00000000eb400000| Untracked |  0
| 181|0x00000000eb500000, 0x00000000eb500000, 0x00000000eb600000|  0%| F|  |TAMS 0x00000000eb500000| PB 0x00000000eb500000| Untracked |  0
| 182|0x00000000eb600000, 0x00000000eb600000, 0x00000000eb700000|  0%| F|  |TAMS 0x00000000eb600000| PB 0x00000000eb600000| Untracked |  0
| 183|0x00000000eb700000, 0x00000000eb700000, 0x00000000eb800000|  0%| F|  |TAMS 0x00000000eb700000| PB 0x00000000eb700000| Untracked |  0
| 184|0x00000000eb800000, 0x00000000eb800000, 0x00000000eb900000|  0%| F|  |TAMS 0x00000000eb800000| PB 0x00000000eb800000| Untracked |  0
| 185|0x00000000eb900000, 0x00000000eb900000, 0x00000000eba00000|  0%| F|  |TAMS 0x00000000eb900000| PB 0x00000000eb900000| Untracked |  0
| 186|0x00000000eba00000, 0x00000000eba00000, 0x00000000ebb00000|  0%| F|  |TAMS 0x00000000eba00000| PB 0x00000000eba00000| Untracked |  0
| 187|0x00000000ebb00000, 0x00000000ebb00000, 0x00000000ebc00000|  0%| F|  |TAMS 0x00000000ebb00000| PB 0x00000000ebb00000| Untracked |  0
| 188|0x00000000ebc00000, 0x00000000ebc00000, 0x00000000ebd00000|  0%| F|  |TAMS 0x00000000ebc00000| PB 0x00000000ebc00000| Untracked |  0
| 189|0x00000000ebd00000, 0x00000000ebd00000, 0x00000000ebe00000|  0%| F|  |TAMS 0x00000000ebd00000| PB 0x00000000ebd00000| Untracked |  0
| 190|0x00000000ebe00000, 0x00000000ebe00000, 0x00000000ebf00000|  0%| F|  |TAMS 0x00000000ebe00000| PB 0x00000000ebe00000| Untracked |  0
| 191|0x00000000ebf00000, 0x00000000ebf00000, 0x00000000ec000000|  0%| F|  |TAMS 0x00000000ebf00000| PB 0x00000000ebf00000| Untracked |  0
| 192|0x00000000ec000000, 0x00000000ec000000, 0x00000000ec100000|  0%| F|  |TAMS 0x00000000ec000000| PB 0x00000000ec000000| Untracked |  0
| 193|0x00000000ec100000, 0x00000000ec100000, 0x00000000ec200000|  0%| F|  |TAMS 0x00000000ec100000| PB 0x00000000ec100000| Untracked |  0
| 194|0x00000000ec200000, 0x00000000ec200000, 0x00000000ec300000|  0%| F|  |TAMS 0x00000000ec200000| PB 0x00000000ec200000| Untracked |  0
| 195|0x00000000ec300000, 0x00000000ec39b640, 0x00000000ec400000| 60%| E|  |TAMS 0x00000000ec300000| PB 0x00000000ec300000| Complete |  0
| 196|0x00000000ec400000, 0x00000000ec500000, 0x00000000ec500000|100%| E|CS|TAMS 0x00000000ec400000| PB 0x00000000ec400000| Complete |  0
| 197|0x00000000ec500000, 0x00000000ec600000, 0x00000000ec600000|100%| E|CS|TAMS 0x00000000ec500000| PB 0x00000000ec500000| Complete |  0
| 198|0x00000000ec600000, 0x00000000ec700000, 0x00000000ec700000|100%| E|CS|TAMS 0x00000000ec600000| PB 0x00000000ec600000| Complete |  0
| 199|0x00000000ec700000, 0x00000000ec800000, 0x00000000ec800000|100%| E|CS|TAMS 0x00000000ec700000| PB 0x00000000ec700000| Complete |  0
| 200|0x00000000ec800000, 0x00000000ec900000, 0x00000000ec900000|100%| E|CS|TAMS 0x00000000ec800000| PB 0x00000000ec800000| Complete |  0
| 201|0x00000000ec900000, 0x00000000eca00000, 0x00000000eca00000|100%| E|CS|TAMS 0x00000000ec900000| PB 0x00000000ec900000| Complete |  0
| 202|0x00000000eca00000, 0x00000000ecb00000, 0x00000000ecb00000|100%| E|CS|TAMS 0x00000000eca00000| PB 0x00000000eca00000| Complete |  0
| 203|0x00000000ecb00000, 0x00000000ecc00000, 0x00000000ecc00000|100%| E|CS|TAMS 0x00000000ecb00000| PB 0x00000000ecb00000| Complete |  0
| 204|0x00000000ecc00000, 0x00000000ecd00000, 0x00000000ecd00000|100%| E|CS|TAMS 0x00000000ecc00000| PB 0x00000000ecc00000| Complete |  0
| 205|0x00000000ecd00000, 0x00000000ece00000, 0x00000000ece00000|100%| E|CS|TAMS 0x00000000ecd00000| PB 0x00000000ecd00000| Complete |  0
| 206|0x00000000ece00000, 0x00000000ecf00000, 0x00000000ecf00000|100%| E|CS|TAMS 0x00000000ece00000| PB 0x00000000ece00000| Complete |  0
| 207|0x00000000ecf00000, 0x00000000ed000000, 0x00000000ed000000|100%| E|CS|TAMS 0x00000000ecf00000| PB 0x00000000ecf00000| Complete |  0
| 208|0x00000000ed000000, 0x00000000ed100000, 0x00000000ed100000|100%| E|CS|TAMS 0x00000000ed000000| PB 0x00000000ed000000| Complete |  0
| 209|0x00000000ed100000, 0x00000000ed200000, 0x00000000ed200000|100%| E|CS|TAMS 0x00000000ed100000| PB 0x00000000ed100000| Complete |  0
| 210|0x00000000ed200000, 0x00000000ed300000, 0x00000000ed300000|100%| E|CS|TAMS 0x00000000ed200000| PB 0x00000000ed200000| Complete |  0
| 211|0x00000000ed300000, 0x00000000ed400000, 0x00000000ed400000|100%| E|CS|TAMS 0x00000000ed300000| PB 0x00000000ed300000| Complete |  0
| 212|0x00000000ed400000, 0x00000000ed500000, 0x00000000ed500000|100%| E|CS|TAMS 0x00000000ed400000| PB 0x00000000ed400000| Complete |  0
| 213|0x00000000ed500000, 0x00000000ed600000, 0x00000000ed600000|100%| E|CS|TAMS 0x00000000ed500000| PB 0x00000000ed500000| Complete |  0
| 214|0x00000000ed600000, 0x00000000ed700000, 0x00000000ed700000|100%| E|CS|TAMS 0x00000000ed600000| PB 0x00000000ed600000| Complete |  0
| 215|0x00000000ed700000, 0x00000000ed800000, 0x00000000ed800000|100%| E|CS|TAMS 0x00000000ed700000| PB 0x00000000ed700000| Complete |  0
| 216|0x00000000ed800000, 0x00000000ed8b8860, 0x00000000ed900000| 72%| S|CS|TAMS 0x00000000ed800000| PB 0x00000000ed800000| Complete |  0
| 217|0x00000000ed900000, 0x00000000eda00000, 0x00000000eda00000|100%| S|CS|TAMS 0x00000000ed900000| PB 0x00000000ed900000| Complete |  0
| 218|0x00000000eda00000, 0x00000000edb00000, 0x00000000edb00000|100%| S|CS|TAMS 0x00000000eda00000| PB 0x00000000eda00000| Complete |  0
| 219|0x00000000edb00000, 0x00000000edc00000, 0x00000000edc00000|100%| E|CS|TAMS 0x00000000edb00000| PB 0x00000000edb00000| Complete |  0
| 220|0x00000000edc00000, 0x00000000edd00000, 0x00000000edd00000|100%| E|CS|TAMS 0x00000000edc00000| PB 0x00000000edc00000| Complete |  0
| 221|0x00000000edd00000, 0x00000000ede00000, 0x00000000ede00000|100%| E|CS|TAMS 0x00000000edd00000| PB 0x00000000edd00000| Complete |  0
| 222|0x00000000ede00000, 0x00000000edf00000, 0x00000000edf00000|100%| E|CS|TAMS 0x00000000ede00000| PB 0x00000000ede00000| Complete |  0
| 223|0x00000000edf00000, 0x00000000ee000000, 0x00000000ee000000|100%| E|CS|TAMS 0x00000000edf00000| PB 0x00000000edf00000| Complete |  0
| 224|0x00000000ee000000, 0x00000000ee100000, 0x00000000ee100000|100%| E|CS|TAMS 0x00000000ee000000| PB 0x00000000ee000000| Complete |  0
| 225|0x00000000ee100000, 0x00000000ee200000, 0x00000000ee200000|100%| E|CS|TAMS 0x00000000ee100000| PB 0x00000000ee100000| Complete |  0
| 226|0x00000000ee200000, 0x00000000ee300000, 0x00000000ee300000|100%| E|CS|TAMS 0x00000000ee200000| PB 0x00000000ee200000| Complete |  0
| 227|0x00000000ee300000, 0x00000000ee400000, 0x00000000ee400000|100%| E|CS|TAMS 0x00000000ee300000| PB 0x00000000ee300000| Complete |  0
| 228|0x00000000ee400000, 0x00000000ee500000, 0x00000000ee500000|100%| E|CS|TAMS 0x00000000ee400000| PB 0x00000000ee400000| Complete |  0
| 229|0x00000000ee500000, 0x00000000ee600000, 0x00000000ee600000|100%| E|CS|TAMS 0x00000000ee500000| PB 0x00000000ee500000| Complete |  0
| 230|0x00000000ee600000, 0x00000000ee700000, 0x00000000ee700000|100%| E|CS|TAMS 0x00000000ee600000| PB 0x00000000ee600000| Complete |  0
| 231|0x00000000ee700000, 0x00000000ee800000, 0x00000000ee800000|100%| E|CS|TAMS 0x00000000ee700000| PB 0x00000000ee700000| Complete |  0
| 232|0x00000000ee800000, 0x00000000ee900000, 0x00000000ee900000|100%| E|CS|TAMS 0x00000000ee800000| PB 0x00000000ee800000| Complete |  0
| 233|0x00000000ee900000, 0x00000000eea00000, 0x00000000eea00000|100%| E|CS|TAMS 0x00000000ee900000| PB 0x00000000ee900000| Complete |  0
| 234|0x00000000eea00000, 0x00000000eeb00000, 0x00000000eeb00000|100%| E|CS|TAMS 0x00000000eea00000| PB 0x00000000eea00000| Complete |  0
| 235|0x00000000eeb00000, 0x00000000eec00000, 0x00000000eec00000|100%| E|CS|TAMS 0x00000000eeb00000| PB 0x00000000eeb00000| Complete |  0
| 236|0x00000000eec00000, 0x00000000eed00000, 0x00000000eed00000|100%| E|CS|TAMS 0x00000000eec00000| PB 0x00000000eec00000| Complete |  0
| 237|0x00000000eed00000, 0x00000000eee00000, 0x00000000eee00000|100%| E|CS|TAMS 0x00000000eed00000| PB 0x00000000eed00000| Complete |  0
| 238|0x00000000eee00000, 0x00000000eef00000, 0x00000000eef00000|100%| E|CS|TAMS 0x00000000eee00000| PB 0x00000000eee00000| Complete |  0
| 239|0x00000000eef00000, 0x00000000ef000000, 0x00000000ef000000|100%| E|CS|TAMS 0x00000000eef00000| PB 0x00000000eef00000| Complete |  0
| 240|0x00000000ef000000, 0x00000000ef100000, 0x00000000ef100000|100%| E|CS|TAMS 0x00000000ef000000| PB 0x00000000ef000000| Complete |  0
| 241|0x00000000ef100000, 0x00000000ef200000, 0x00000000ef200000|100%| E|CS|TAMS 0x00000000ef100000| PB 0x00000000ef100000| Complete |  0
| 242|0x00000000ef200000, 0x00000000ef300000, 0x00000000ef300000|100%| E|CS|TAMS 0x00000000ef200000| PB 0x00000000ef200000| Complete |  0
| 243|0x00000000ef300000, 0x00000000ef400000, 0x00000000ef400000|100%| E|CS|TAMS 0x00000000ef300000| PB 0x00000000ef300000| Complete |  0
| 244|0x00000000ef400000, 0x00000000ef500000, 0x00000000ef500000|100%| E|CS|TAMS 0x00000000ef400000| PB 0x00000000ef400000| Complete |  0
| 245|0x00000000ef500000, 0x00000000ef600000, 0x00000000ef600000|100%| E|CS|TAMS 0x00000000ef500000| PB 0x00000000ef500000| Complete |  0
| 246|0x00000000ef600000, 0x00000000ef700000, 0x00000000ef700000|100%| E|CS|TAMS 0x00000000ef600000| PB 0x00000000ef600000| Complete |  0
| 247|0x00000000ef700000, 0x00000000ef800000, 0x00000000ef800000|100%| E|CS|TAMS 0x00000000ef700000| PB 0x00000000ef700000| Complete |  0
| 248|0x00000000ef800000, 0x00000000ef900000, 0x00000000ef900000|100%| E|CS|TAMS 0x00000000ef800000| PB 0x00000000ef800000| Complete |  0
| 249|0x00000000ef900000, 0x00000000efa00000, 0x00000000efa00000|100%| E|CS|TAMS 0x00000000ef900000| PB 0x00000000ef900000| Complete |  0
| 250|0x00000000efa00000, 0x00000000efb00000, 0x00000000efb00000|100%| E|CS|TAMS 0x00000000efa00000| PB 0x00000000efa00000| Complete |  0
| 251|0x00000000efb00000, 0x00000000efc00000, 0x00000000efc00000|100%| E|CS|TAMS 0x00000000efb00000| PB 0x00000000efb00000| Complete |  0
| 252|0x00000000efc00000, 0x00000000efd00000, 0x00000000efd00000|100%| E|CS|TAMS 0x00000000efc00000| PB 0x00000000efc00000| Complete |  0
| 253|0x00000000efd00000, 0x00000000efe00000, 0x00000000efe00000|100%| E|CS|TAMS 0x00000000efd00000| PB 0x00000000efd00000| Complete |  0
| 254|0x00000000efe00000, 0x00000000eff00000, 0x00000000eff00000|100%| E|CS|TAMS 0x00000000efe00000| PB 0x00000000efe00000| Complete |  0
| 255|0x00000000eff00000, 0x00000000f0000000, 0x00000000f0000000|100%| E|CS|TAMS 0x00000000eff00000| PB 0x00000000eff00000| Complete |  0

Card table byte_map: [0x00000192bbd20000,0x00000192bbe20000] _byte_map_base: 0x00000192bb620000

Marking Bits: (CMBitMap*) 0x00000192a3ebd8c0
 Bits: [0x00000192bbe20000, 0x00000192bc620000)

Polling page: 0x00000192a1ce0000

Metaspace:

Usage:
  Non-class:     23.87 MB used.
      Class:      4.27 MB used.
       Both:     28.13 MB used.

Virtual space:
  Non-class space:       64.00 MB reserved,      24.38 MB ( 38%) committed,  1 nodes.
      Class space:      320.00 MB reserved,       4.69 MB (  1%) committed,  1 nodes.
             Both:      384.00 MB reserved,      29.06 MB (  8%) committed. 

Chunk freelists:
   Non-Class:  6.88 MB
       Class:  11.12 MB
        Both:  18.00 MB

MaxMetaspaceSize: 384.00 MB
CompressedClassSpaceSize: 320.00 MB
Initial GC threshold: 21.00 MB
Current GC threshold: 35.12 MB
CDS: on
 - commit_granule_bytes: 65536.
 - commit_granule_words: 8192.
 - virtual_space_node_default_size: 8388608.
 - enlarge_chunks_in_place: 1.
 - use_allocation_guard: 0.


Internal statistics:

num_allocs_failed_limit: 3.
num_arena_births: 1542.
num_arena_deaths: 0.
num_vsnodes_births: 2.
num_vsnodes_deaths: 0.
num_space_committed: 465.
num_space_uncommitted: 0.
num_chunks_returned_to_freelist: 3.
num_chunks_taken_from_freelist: 2728.
num_chunk_merges: 3.
num_chunk_splits: 1782.
num_chunks_enlarged: 1171.
num_inconsistent_stats: 0.

CodeHeap 'non-profiled nmethods': size=120064Kb used=1739Kb max_used=1739Kb free=118324Kb
 bounds [0x00000192b4080000, 0x00000192b42f0000, 0x00000192bb5c0000]
CodeHeap 'profiled nmethods': size=120000Kb used=5999Kb max_used=5999Kb free=114000Kb
 bounds [0x00000192ac5c0000, 0x00000192acba0000, 0x00000192b3af0000]
CodeHeap 'non-nmethods': size=5696Kb used=1524Kb max_used=1584Kb free=4171Kb
 bounds [0x00000192b3af0000, 0x00000192b3d60000, 0x00000192b4080000]
CodeCache: size=245760Kb, used=9262Kb, max_used=9322Kb, free=236495Kb
 total_blobs=4530, nmethods=3926, adapters=509, full_count=0
Compilation: enabled, stopped_count=0, restarted_count=0

Compilation events (20 events):
Event: 5.864 Thread 0x00000192bf300670 3852       3       org.codehaus.groovy.util.LazyReference::get (44 bytes)
Event: 5.865 Thread 0x00000192bf300670 nmethod 3852 0x00000192acb81108 code [0x00000192acb81280, 0x00000192acb81658]
Event: 5.865 Thread 0x00000192bf300670 3853       1       org.codehaus.groovy.util.ReferenceManager::getReferenceQueue (5 bytes)
Event: 5.865 Thread 0x00000192bf300670 nmethod 3853 0x00000192b4227108 code [0x00000192b4227220, 0x00000192b42272e8]
Event: 5.865 Thread 0x00000192bf300670 3854       1       org.codehaus.groovy.util.ReferenceBundle::getType (5 bytes)
Event: 5.865 Thread 0x00000192bf300670 nmethod 3854 0x00000192b4227408 code [0x00000192b4227520, 0x00000192b42275e8]
Event: 5.865 Thread 0x00000192bf300670 3855       1       org.codehaus.groovy.util.ReferenceBundle::getManager (5 bytes)
Event: 5.865 Thread 0x00000192bf300670 nmethod 3855 0x00000192b4227708 code [0x00000192b4227820, 0x00000192b42278e8]
Event: 5.865 Thread 0x00000192bf300670 3856       3       org.codehaus.groovy.util.LazyReference::<init> (17 bytes)
Event: 5.866 Thread 0x00000192bf300670 nmethod 3856 0x00000192acb81688 code [0x00000192acb817c0, 0x00000192acb81b08]
Event: 5.866 Thread 0x00000192bf300670 3857       3       java.lang.ref.SoftReference::<init> (14 bytes)
Event: 5.866 Thread 0x00000192bf300670 nmethod 3857 0x00000192acb81b88 code [0x00000192acb81cc0, 0x00000192acb81f98]
Event: 5.868 Thread 0x00000192bf300670 3858       3       java.lang.invoke.MethodHandleStatics::traceLambdaForm (96 bytes)
Event: 5.868 Thread 0x00000192bf300670 nmethod 3858 0x00000192acb82008 code [0x00000192acb82120, 0x00000192acb82298]
Event: 5.869 Thread 0x00000192bf300670 3859       3       jdk.internal.org.objectweb.asm.Frame::execute (2305 bytes)
Event: 5.876 Thread 0x00000192bf300670 nmethod 3859 0x00000192acb82308 code [0x00000192acb830c0, 0x00000192acb893a0]
Event: 5.876 Thread 0x00000192bf300670 3860   !   3       sun.invoke.util.VerifyAccess$1::run (16 bytes)
Event: 5.876 Thread 0x00000192bf300670 nmethod 3860 0x00000192acb89488 code [0x00000192acb895c0, 0x00000192acb89760]
Event: 5.877 Thread 0x00000192bf300670 3861       1       java.lang.ClassValue$ClassValueMap::getCache (5 bytes)
Event: 5.877 Thread 0x00000192bf300670 nmethod 3861 0x00000192b4227a08 code [0x00000192b4227b20, 0x00000192b4227be8]

GC Heap History (10 events):
Event: 0.553 GC heap before
{Heap before GC invocations=0 (full 0):
 garbage-first heap   total reserved 524288K, committed 262144K, used 23552K [0x00000000e0000000, 0x0000000100000000)
  region size 1024K, 24 young (24576K), 0 survivors (0K)
 Metaspace       used 1081K, committed 1216K, reserved 393216K
  class space    used 78K, committed 128K, reserved 327680K
}
Event: 0.556 GC heap after
{Heap after GC invocations=1 (full 0):
 garbage-first heap   total reserved 524288K, committed 262144K, used 2749K [0x00000000e0000000, 0x0000000100000000)
  region size 1024K, 3 young (3072K), 3 survivors (3072K)
 Metaspace       used 1081K, committed 1216K, reserved 393216K
  class space    used 78K, committed 128K, reserved 327680K
}
Event: 1.272 GC heap before
{Heap before GC invocations=1 (full 0):
 garbage-first heap   total reserved 524288K, committed 262144K, used 30397K [0x00000000e0000000, 0x0000000100000000)
  region size 1024K, 28 young (28672K), 3 survivors (3072K)
 Metaspace       used 4593K, committed 4864K, reserved 393216K
  class space    used 601K, committed 704K, reserved 327680K
}
Event: 1.279 GC heap after
{Heap after GC invocations=2 (full 0):
 garbage-first heap   total reserved 524288K, committed 262144K, used 11175K [0x00000000e0000000, 0x0000000100000000)
  region size 1024K, 4 young (4096K), 4 survivors (4096K)
 Metaspace       used 4593K, committed 4864K, reserved 393216K
  class space    used 601K, committed 704K, reserved 327680K
}
Event: 1.759 GC heap before
{Heap before GC invocations=2 (full 0):
 garbage-first heap   total reserved 524288K, committed 262144K, used 49063K [0x00000000e0000000, 0x0000000100000000)
  region size 1024K, 41 young (41984K), 4 survivors (4096K)
 Metaspace       used 4671K, committed 4864K, reserved 393216K
  class space    used 601K, committed 704K, reserved 327680K
}
Event: 1.763 GC heap after
{Heap after GC invocations=3 (full 0):
 garbage-first heap   total reserved 524288K, committed 262144K, used 12252K [0x00000000e0000000, 0x0000000100000000)
  region size 1024K, 1 young (1024K), 1 survivors (1024K)
 Metaspace       used 4671K, committed 4864K, reserved 393216K
  class space    used 601K, committed 704K, reserved 327680K
}
Event: 3.755 GC heap before
{Heap before GC invocations=3 (full 0):
 garbage-first heap   total reserved 524288K, committed 262144K, used 89052K [0x00000000e0000000, 0x0000000100000000)
  region size 1024K, 75 young (76800K), 1 survivors (1024K)
 Metaspace       used 16291K, committed 16768K, reserved 393216K
  class space    used 2302K, committed 2496K, reserved 327680K
}
Event: 3.769 GC heap after
{Heap after GC invocations=4 (full 0):
 garbage-first heap   total reserved 524288K, committed 262144K, used 22374K [0x00000000e0000000, 0x0000000100000000)
  region size 1024K, 10 young (10240K), 10 survivors (10240K)
 Metaspace       used 16291K, committed 16768K, reserved 393216K
  class space    used 2302K, committed 2496K, reserved 327680K
}
Event: 4.770 GC heap before
{Heap before GC invocations=4 (full 0):
 garbage-first heap   total reserved 524288K, committed 262144K, used 58214K [0x00000000e0000000, 0x0000000100000000)
  region size 1024K, 47 young (48128K), 10 survivors (10240K)
 Metaspace       used 20845K, committed 21504K, reserved 393216K
  class space    used 3123K, committed 3456K, reserved 327680K
}
Event: 4.779 GC heap after
{Heap after GC invocations=5 (full 0):
 garbage-first heap   total reserved 524288K, committed 262144K, used 24614K [0x00000000e0000000, 0x0000000100000000)
  region size 1024K, 3 young (3072K), 3 survivors (3072K)
 Metaspace       used 20845K, committed 21504K, reserved 393216K
  class space    used 3123K, committed 3456K, reserved 327680K
}

Dll operation events (15 events):
Event: 0.014 Loaded shared library C:\Program Files\Java\jdk-23.0.1\bin\java.dll
Event: 0.060 Loaded shared library C:\Program Files\Java\jdk-23.0.1\bin\jsvml.dll
Event: 0.116 Loaded shared library C:\Program Files\Java\jdk-23.0.1\bin\zip.dll
Event: 0.121 Loaded shared library C:\Program Files\Java\jdk-23.0.1\bin\instrument.dll
Event: 0.125 Loaded shared library C:\Program Files\Java\jdk-23.0.1\bin\net.dll
Event: 0.128 Loaded shared library C:\Program Files\Java\jdk-23.0.1\bin\nio.dll
Event: 0.132 Loaded shared library C:\Program Files\Java\jdk-23.0.1\bin\zip.dll
Event: 0.468 Loaded shared library C:\Program Files\Java\jdk-23.0.1\bin\jimage.dll
Event: 0.648 Loaded shared library C:\Program Files\Java\jdk-23.0.1\bin\verify.dll
Event: 0.797 Loaded shared library C:\Users\luisc\.gradle\native\1def1411415f61bf3af743bc5b6707747c0891f09f0c88961ee8f79bc544acac\windows-amd64\native-platform.dll
Event: 0.849 Loaded shared library C:\Users\luisc\.gradle\native\0.2.7\x86_64-windows-gnu\gradle-fileevents.dll
Event: 2.252 Loaded shared library C:\Program Files\Java\jdk-23.0.1\bin\management.dll
Event: 2.258 Loaded shared library C:\Program Files\Java\jdk-23.0.1\bin\management_ext.dll
Event: 2.457 Loaded shared library C:\Program Files\Java\jdk-23.0.1\bin\extnet.dll
Event: 2.824 Loaded shared library C:\Program Files\Java\jdk-23.0.1\bin\sunmscapi.dll

Deoptimization events (20 events):
Event: 5.828 Thread 0x00000192da54cf10 Uncommon trap: trap_request=0xffffffde fr.pc=0x00000192b4161090 relative=0x0000000000000ab0
Event: 5.828 Thread 0x00000192da54cf10 Uncommon trap: reason=class_check action=maybe_recompile pc=0x00000192b4161090 method=java.io.BufferedInputStream.implRead([BII)I @ 100 c2
Event: 5.828 Thread 0x00000192da54cf10 DEOPT PACKING pc=0x00000192b4161090 sp=0x0000002eecdf8450
Event: 5.828 Thread 0x00000192da54cf10 DEOPT UNPACKING pc=0x00000192b3b44402 sp=0x0000002eecdf8418 mode 2
Event: 5.828 Thread 0x00000192da54cf10 Uncommon trap: trap_request=0xffffffde fr.pc=0x00000192b4161090 relative=0x0000000000000ab0
Event: 5.828 Thread 0x00000192da54cf10 Uncommon trap: reason=class_check action=maybe_recompile pc=0x00000192b4161090 method=java.io.BufferedInputStream.implRead([BII)I @ 100 c2
Event: 5.828 Thread 0x00000192da54cf10 DEOPT PACKING pc=0x00000192b4161090 sp=0x0000002eecdf8450
Event: 5.828 Thread 0x00000192da54cf10 DEOPT UNPACKING pc=0x00000192b3b44402 sp=0x0000002eecdf8418 mode 2
Event: 5.867 Thread 0x00000192da54cf10 Uncommon trap: trap_request=0xffffff45 fr.pc=0x00000192b417f448 relative=0x00000000000005c8
Event: 5.867 Thread 0x00000192da54cf10 Uncommon trap: reason=unstable_if action=reinterpret pc=0x00000192b417f448 method=jdk.internal.org.objectweb.asm.MethodWriter.visitVarInsn(II)V @ 108 c2
Event: 5.867 Thread 0x00000192da54cf10 DEOPT PACKING pc=0x00000192b417f448 sp=0x0000002eecdf17b0
Event: 5.867 Thread 0x00000192da54cf10 DEOPT UNPACKING pc=0x00000192b3b44402 sp=0x0000002eecdf1778 mode 2
Event: 5.869 Thread 0x00000192da54cf10 Uncommon trap: trap_request=0xffffff45 fr.pc=0x00000192b41af138 relative=0x0000000000000c58
Event: 5.869 Thread 0x00000192da54cf10 Uncommon trap: reason=unstable_if action=reinterpret pc=0x00000192b41af138 method=java.lang.invoke.LambdaForm.useCount(Ljava/lang/invoke/LambdaForm$Name;)I @ 8 c2
Event: 5.869 Thread 0x00000192da54cf10 DEOPT PACKING pc=0x00000192b41af138 sp=0x0000002eecdf5c60
Event: 5.869 Thread 0x00000192da54cf10 DEOPT UNPACKING pc=0x00000192b3b44402 sp=0x0000002eecdf5b30 mode 2
Event: 5.869 Thread 0x00000192da54cf10 Uncommon trap: trap_request=0xffffff45 fr.pc=0x00000192b41682b0 relative=0x0000000000000f70
Event: 5.869 Thread 0x00000192da54cf10 Uncommon trap: reason=unstable_if action=reinterpret pc=0x00000192b41682b0 method=jdk.internal.org.objectweb.asm.Frame.execute(IILjdk/internal/org/objectweb/asm/Symbol;Ljdk/internal/org/objectweb/asm/SymbolTable;)V @ 1 c2
Event: 5.869 Thread 0x00000192da54cf10 DEOPT PACKING pc=0x00000192b41682b0 sp=0x0000002eecdf5cc0
Event: 5.869 Thread 0x00000192da54cf10 DEOPT UNPACKING pc=0x00000192b3b44402 sp=0x0000002eecdf5c48 mode 2

Classes loaded (20 events):
Event: 5.705 Loading class java/util/stream/Sink$ChainedInt done
Event: 5.705 Loading class java/util/stream/IntPipeline$1$1 done
Event: 5.718 Loading class java/lang/IllegalAccessError
Event: 5.719 Loading class java/lang/IllegalAccessError done
Event: 5.726 Loading class java/lang/Process
Event: 5.726 Loading class java/lang/Process done
Event: 5.726 Loading class java/lang/ProcessBuilder
Event: 5.727 Loading class java/lang/ProcessBuilder done
Event: 5.805 Loading class java/util/EventListener
Event: 5.805 Loading class java/util/EventListener done
Event: 5.821 Loading class java/io/PrintWriter
Event: 5.822 Loading class java/io/PrintWriter done
Event: 5.822 Loading class java/util/TimerTask
Event: 5.822 Loading class java/util/TimerTask done
Event: 5.823 Loading class java/util/Timer
Event: 5.823 Loading class java/util/Timer done
Event: 5.852 Loading class java/security/AccessControlException
Event: 5.852 Loading class java/security/AccessControlException done
Event: 5.871 Loading class java/util/LinkedList$ListItr
Event: 5.872 Loading class java/util/LinkedList$ListItr done

Classes unloaded (0 events):
No events

Classes redefined (0 events):
No events

Internal exceptions (20 events):
Event: 5.129 Thread 0x00000192da54cf10 Exception <a 'java/lang/NoSuchMethodError'{0x00000000eefa0670}: 'java.lang.Object java.lang.invoke.DelegatingMethodHandle$Holder.reinvoke_L(java.lang.Object, java.lang.Object, java.lang.Object, java.lang.Object, java.lang.Object, java.lang.Object, java.lang.Object, java.lang.Object, java.lang.Object, java.lang.Object, java.lang.Object, java.lang.Object, java.lang.Object)'> (0x00000000eefa0670) 
thrown [s\open\src\hotspot\share\interpreter\linkResolver.cpp, line 796]
Event: 5.160 Thread 0x00000192da54cf10 Exception <a 'java/lang/NoSuchMethodError'{0x00000000eed4aa58}: 'void java.lang.invoke.DirectMethodHandle$Holder.invokeStaticInit(java.lang.Object, java.lang.Object)'> (0x00000000eed4aa58) 
thrown [s\open\src\hotspot\share\interpreter\linkResolver.cpp, line 796]
Event: 5.239 Thread 0x00000192da54cf10 Exception <a 'java/lang/NoSuchMethodError'{0x00000000ee946300}: 'java.lang.Object java.lang.invoke.DirectMethodHandle$Holder.newInvokeSpecial(java.lang.Object, java.lang.Object, java.lang.Object, java.lang.Object, java.lang.Object, java.lang.Object, java.lang.Object, java.lang.Object, java.lang.Object)'> (0x00000000ee946300) 
thrown [s\open\src\hotspot\share\interpreter\linkResolver.cpp, line 796]
Event: 5.297 Thread 0x00000192da54cf10 Exception <a 'java/lang/NoSuchMethodError'{0x00000000ee6a28e0}: 'int java.lang.invoke.DirectMethodHandle$Holder.invokeVirtual(java.lang.Object, java.lang.Object)'> (0x00000000ee6a28e0) 
thrown [s\open\src\hotspot\share\interpreter\linkResolver.cpp, line 796]
Event: 5.350 Thread 0x00000192da54cf10 Exception <a 'java/lang/NoSuchMethodError'{0x00000000ee3ca178}: 'void java.lang.invoke.DirectMethodHandle$Holder.invokeInterface(java.lang.Object, java.lang.Object, java.lang.Object, java.lang.Object, java.lang.Object)'> (0x00000000ee3ca178) 
thrown [s\open\src\hotspot\share\interpreter\linkResolver.cpp, line 796]
Event: 5.514 Thread 0x00000192da54cf10 Exception <a 'java/lang/IncompatibleClassChangeError'{0x00000000ed7662c0}: Found class java.lang.Object, but interface was expected> (0x00000000ed7662c0) 
thrown [s\open\src\hotspot\share\interpreter\linkResolver.cpp, line 863]
Event: 5.539 Thread 0x00000192da54cf10 Exception <a 'java/lang/NoSuchMethodError'{0x00000000ed6bec08}: 'java.lang.Object java.lang.invoke.DirectMethodHandle$Holder.newInvokeSpecial(java.lang.Object, java.lang.Object, long)'> (0x00000000ed6bec08) 
thrown [s\open\src\hotspot\share\interpreter\linkResolver.cpp, line 796]
Event: 5.539 Thread 0x00000192da54cf10 Exception <a 'java/lang/NoSuchMethodError'{0x00000000ed6c2ff8}: 'java.lang.Object java.lang.invoke.Invokers$Holder.linkToTargetMethod(java.lang.Object, long, java.lang.Object)'> (0x00000000ed6c2ff8) 
thrown [s\open\src\hotspot\share\interpreter\linkResolver.cpp, line 796]
Event: 5.583 Thread 0x00000192da54cf10 Exception <a 'java/lang/NoSuchMethodError'{0x00000000ed4a5ba8}: 'int java.lang.invoke.DirectMethodHandle$Holder.invokeInterface(java.lang.Object, java.lang.Object)'> (0x00000000ed4a5ba8) 
thrown [s\open\src\hotspot\share\interpreter\linkResolver.cpp, line 796]
Event: 5.593 Thread 0x00000192da54cf10 Exception <a 'java/lang/NoSuchMethodError'{0x00000000ed3329f8}: 'java.lang.Object java.lang.invoke.DirectMethodHandle$Holder.invokeVirtual(java.lang.Object, java.lang.Object, int)'> (0x00000000ed3329f8) 
thrown [s\open\src\hotspot\share\interpreter\linkResolver.cpp, line 796]
Event: 5.612 Thread 0x00000192da54cf10 Exception <a 'java/lang/NoSuchMethodError'{0x00000000ed3eb678}: 'java.lang.Object java.lang.invoke.DirectMethodHandle$Holder.invokeStatic(java.lang.Object, java.lang.Object, int, java.lang.Object)'> (0x00000000ed3eb678) 
thrown [s\open\src\hotspot\share\interpreter\linkResolver.cpp, line 796]
Event: 5.612 Thread 0x00000192da54cf10 Exception <a 'java/lang/NoSuchMethodError'{0x00000000ed3f2ae0}: 'java.lang.Object java.lang.invoke.DirectMethodHandle$Holder.newInvokeSpecial(java.lang.Object, java.lang.Object, int, java.lang.Object)'> (0x00000000ed3f2ae0) 
thrown [s\open\src\hotspot\share\interpreter\linkResolver.cpp, line 796]
Event: 5.613 Thread 0x00000192da54cf10 Exception <a 'java/lang/NoSuchMethodError'{0x00000000ed3f72a0}: 'java.lang.Object java.lang.invoke.DirectMethodHandle$Holder.invokeSpecial(java.lang.Object, java.lang.Object, java.lang.Object, int, java.lang.Object)'> (0x00000000ed3f72a0) 
thrown [s\open\src\hotspot\share\interpreter\linkResolver.cpp, line 796]
Event: 5.675 Thread 0x00000192da54cf10 Exception <a 'java/lang/NoSuchMethodError'{0x00000000ed0774c0}: 'void java.lang.invoke.DirectMethodHandle$Holder.invokeInterface(java.lang.Object, java.lang.Object, java.lang.Object, java.lang.Object, java.lang.Object, java.lang.Object, java.lang.Object)'> (0x00000000ed0774c0) 
thrown [s\open\src\hotspot\share\interpreter\linkResolver.cpp, line 796]
Event: 5.676 Thread 0x00000192da54cf10 Exception <a 'java/lang/NoSuchMethodError'{0x00000000ed07be40}: 'void java.lang.invoke.DelegatingMethodHandle$Holder.reinvoke_L(java.lang.Object, java.lang.Object, java.lang.Object, java.lang.Object, java.lang.Object, java.lang.Object, java.lang.Object)'> (0x00000000ed07be40) 
thrown [s\open\src\hotspot\share\interpreter\linkResolver.cpp, line 796]
Event: 5.725 Thread 0x00000192da54cf10 Exception <a 'java/lang/NoSuchMethodError'{0x00000000eceb7180}: 'java.lang.Object java.lang.invoke.DirectMethodHandle$Holder.invokeStaticInit(java.lang.Object, java.lang.Object, java.lang.Object, java.lang.Object, java.lang.Object, java.lang.Object, java.lang.Object)'> (0x00000000eceb7180) 
thrown [s\open\src\hotspot\share\interpreter\linkResolver.cpp, line 796]
Event: 5.730 Thread 0x00000192da54cf10 Exception <a 'java/lang/NoSuchMethodError'{0x00000000ecedd5c8}: 'java.lang.Object java.lang.invoke.DirectMethodHandle$Holder.invokeSpecial(java.lang.Object, java.lang.Object, java.lang.Object, int, java.lang.Object, java.lang.Object)'> (0x00000000ecedd5c8) 
thrown [s\open\src\hotspot\share\interpreter\linkResolver.cpp, line 796]
Event: 5.866 Thread 0x00000192da54cf10 Implicit null exception at 0x00000192b417ef8f to 0x00000192b417f43c
Event: 5.867 Thread 0x00000192da54cf10 Exception <a 'java/lang/NoSuchMethodError'{0x00000000ec82e398}: 'java.lang.reflect.Method[] java.lang.Class.getDeclaredMethods(java.lang.Class)'> (0x00000000ec82e398) 
thrown [s\open\src\hotspot\share\interpreter\linkResolver.cpp, line 796]
Event: 5.883 Thread 0x00000192da54cf10 Exception <a 'java/lang/NoSuchMethodError'{0x00000000ec8acc00}: 'java.lang.Object java.lang.invoke.DirectMethodHandle$Holder.invokeStaticInit(java.lang.Object, java.lang.Object, java.lang.Object)'> (0x00000000ec8acc00) 
thrown [s\open\src\hotspot\share\interpreter\linkResolver.cpp, line 796]

VM Operations (20 events):
Event: 4.770 Executing VM operation: CollectForMetadataAllocation (Metadata GC Threshold)
Event: 4.779 Executing VM operation: CollectForMetadataAllocation (Metadata GC Threshold) done
Event: 4.786 Executing VM operation: G1PauseRemark
Event: 4.790 Executing VM operation: G1PauseRemark done
Event: 4.793 Executing VM operation: G1PauseCleanup
Event: 4.794 Executing VM operation: G1PauseCleanup done
Event: 5.327 Executing VM operation: HandshakeAllThreads (Deoptimize)
Event: 5.327 Executing VM operation: HandshakeAllThreads (Deoptimize) done
Event: 5.513 Executing VM operation: HandshakeAllThreads (Deoptimize)
Event: 5.513 Executing VM operation: HandshakeAllThreads (Deoptimize) done
Event: 5.516 Executing VM operation: HandshakeAllThreads (Deoptimize)
Event: 5.516 Executing VM operation: HandshakeAllThreads (Deoptimize) done
Event: 5.538 Executing VM operation: HandshakeAllThreads (Deoptimize)
Event: 5.538 Executing VM operation: HandshakeAllThreads (Deoptimize) done
Event: 5.680 Executing VM operation: HandshakeAllThreads (Deoptimize)
Event: 5.680 Executing VM operation: HandshakeAllThreads (Deoptimize) done
Event: 5.680 Executing VM operation: HandshakeAllThreads (Deoptimize)
Event: 5.680 Executing VM operation: HandshakeAllThreads (Deoptimize) done
Event: 5.853 Executing VM operation: HandshakeAllThreads (Deoptimize)
Event: 5.853 Executing VM operation: HandshakeAllThreads (Deoptimize) done

Memory protections (0 events):
No events

Nmethod flushes (0 events):
No events

Events (20 events):
Event: 2.773 Thread 0x00000192a3e8ffd0 Thread added: 0x00000192da6eb5f0
Event: 2.856 Thread 0x00000192da4c1d50 Thread added: 0x00000192da5b1040
Event: 2.861 Thread 0x00000192da5b1040 Thread added: 0x00000192da575970
Event: 2.911 Thread 0x00000192da5b1040 Thread added: 0x00000192da57c9d0
Event: 2.920 Thread 0x00000192da5b1040 Thread added: 0x00000192da54cf10
Event: 2.934 Thread 0x00000192da54cf10 Thread added: 0x00000192da550390
Event: 2.940 Thread 0x00000192da54cf10 Thread added: 0x00000192da54f670
Event: 2.943 Thread 0x00000192da54cf10 Thread added: 0x00000192da54fd00
Event: 3.518 Thread 0x00000192da3b71a0 Thread exited: 0x00000192da3b71a0
Event: 3.550 Thread 0x00000192da54cf10 Thread added: 0x00000192da54efe0
Event: 3.561 Thread 0x00000192da54cf10 Thread added: 0x00000192da54dc30
Event: 3.608 Thread 0x00000192da54cf10 Thread added: 0x00000192da54e2c0
Event: 3.623 Thread 0x00000192bf300670 Thread added: 0x00000192daaead20
Event: 4.682 Thread 0x00000192bf300670 Thread added: 0x00000192dcb7d8b0
Event: 5.023 Thread 0x00000192da54cf10 Thread added: 0x00000192db39b560
Event: 5.040 Thread 0x00000192da54cf10 Thread added: 0x00000192db39c280
Event: 5.289 Thread 0x00000192da54cf10 Thread added: 0x00000192db39dcc0
Event: 5.296 Thread 0x00000192da54cf10 Thread added: 0x00000192db39bbf0
Event: 5.614 Thread 0x00000192da54cf10 Thread added: 0x00000192db39aed0
Event: 5.664 Thread 0x00000192da54cf10 Thread added: 0x00000192db39f070


Dynamic libraries:
0x00007ff7b2060000 - 0x00007ff7b2070000 	C:\Program Files\Java\jdk-23.0.1\bin\java.exe
0x00007fff274e0000 - 0x00007fff27748000 	C:\WINDOWS\SYSTEM32\ntdll.dll
0x00007fff25a80000 - 0x00007fff25b49000 	C:\WINDOWS\System32\KERNEL32.DLL
0x00007fff24940000 - 0x00007fff24d32000 	C:\WINDOWS\System32\KERNELBASE.dll
0x00007fff24670000 - 0x00007fff247bb000 	C:\WINDOWS\System32\ucrtbase.dll
0x00007fff10850000 - 0x00007fff1086b000 	C:\Program Files\Java\jdk-23.0.1\bin\VCRUNTIME140.dll
0x00007fff10730000 - 0x00007fff10747000 	C:\Program Files\Java\jdk-23.0.1\bin\jli.dll
0x00007fff252b0000 - 0x00007fff25475000 	C:\WINDOWS\System32\USER32.dll
0x00007fff0f240000 - 0x00007fff0f4d3000 	C:\WINDOWS\WinSxS\amd64_microsoft.windows.common-controls_6595b64144ccf1df_6.0.26100.6899_none_3e0efeeae32e88c1\COMCTL32.dll
0x00007fff258c0000 - 0x00007fff25969000 	C:\WINDOWS\System32\msvcrt.dll
0x00007fff25000000 - 0x00007fff25027000 	C:\WINDOWS\System32\win32u.dll
0x00007fff26180000 - 0x00007fff261ab000 	C:\WINDOWS\System32\GDI32.dll
0x00007fff250e0000 - 0x00007fff2520d000 	C:\WINDOWS\System32\gdi32full.dll
0x00007fff25030000 - 0x00007fff250d3000 	C:\WINDOWS\System32\msvcp_win.dll
0x00007fff27350000 - 0x00007fff2737f000 	C:\WINDOWS\System32\IMM32.DLL
0x00007fff105d0000 - 0x00007fff105dc000 	C:\Program Files\Java\jdk-23.0.1\bin\vcruntime140_1.dll
0x00007ffefb610000 - 0x00007ffefb69e000 	C:\Program Files\Java\jdk-23.0.1\bin\msvcp140.dll
0x00007ffe80b20000 - 0x00007ffe8186f000 	C:\Program Files\Java\jdk-23.0.1\bin\server\jvm.dll
0x00007fff27290000 - 0x00007fff27344000 	C:\WINDOWS\System32\ADVAPI32.dll
0x00007fff259a0000 - 0x00007fff25a46000 	C:\WINDOWS\System32\sechost.dll
0x00007fff26340000 - 0x00007fff26458000 	C:\WINDOWS\System32\RPCRT4.dll
0x00007fff26990000 - 0x00007fff26a04000 	C:\WINDOWS\System32\WS2_32.dll
0x00007fff244d0000 - 0x00007fff2452e000 	C:\WINDOWS\SYSTEM32\POWRPROF.dll
0x00007fff1cef0000 - 0x00007fff1cefb000 	C:\WINDOWS\SYSTEM32\VERSION.dll
0x00007fff1b890000 - 0x00007fff1b8c5000 	C:\WINDOWS\SYSTEM32\WINMM.dll
0x00007fff244b0000 - 0x00007fff244c4000 	C:\WINDOWS\SYSTEM32\UMPDC.dll
0x00007fff23440000 - 0x00007fff2345b000 	C:\WINDOWS\SYSTEM32\kernel.appcore.dll
0x00007fff105c0000 - 0x00007fff105ca000 	C:\Program Files\Java\jdk-23.0.1\bin\jimage.dll
0x00007fff21f60000 - 0x00007fff221a2000 	C:\WINDOWS\SYSTEM32\DBGHELP.DLL
0x00007fff25540000 - 0x00007fff258bb000 	C:\WINDOWS\System32\combase.dll
0x00007fff27160000 - 0x00007fff27237000 	C:\WINDOWS\System32\OLEAUT32.dll
0x00007fff0b860000 - 0x00007fff0b89c000 	C:\WINDOWS\SYSTEM32\dbgcore.DLL
0x00007fff25210000 - 0x00007fff252a8000 	C:\WINDOWS\System32\bcryptPrimitives.dll
0x00007fff104c0000 - 0x00007fff104cf000 	C:\Program Files\Java\jdk-23.0.1\bin\instrument.dll
0x00007fff100e0000 - 0x00007fff100fe000 	C:\Program Files\Java\jdk-23.0.1\bin\java.dll
0x00007fff25d10000 - 0x00007fff25ea8000 	C:\WINDOWS\System32\ole32.dll
0x00007fff26a10000 - 0x00007fff2715d000 	C:\WINDOWS\System32\SHELL32.dll
0x00007fff24d40000 - 0x00007fff24eab000 	C:\WINDOWS\System32\wintypes.dll
0x00007fff222b0000 - 0x00007fff22b0d000 	C:\WINDOWS\SYSTEM32\windows.storage.dll
0x00007fff26240000 - 0x00007fff26332000 	C:\WINDOWS\System32\SHCORE.dll
0x00007fff25eb0000 - 0x00007fff25f12000 	C:\WINDOWS\System32\shlwapi.dll
0x00007fff24590000 - 0x00007fff245b9000 	C:\WINDOWS\SYSTEM32\profapi.dll
0x00007ffef5a40000 - 0x00007ffef5b17000 	C:\Program Files\Java\jdk-23.0.1\bin\jsvml.dll
0x00007fff0d440000 - 0x00007fff0d457000 	C:\Program Files\Java\jdk-23.0.1\bin\zip.dll
0x00007fff104b0000 - 0x00007fff104c0000 	C:\Program Files\Java\jdk-23.0.1\bin\net.dll
0x00007fff239b0000 - 0x00007fff23a1b000 	C:\WINDOWS\system32\mswsock.dll
0x00007fff0d420000 - 0x00007fff0d436000 	C:\Program Files\Java\jdk-23.0.1\bin\nio.dll
0x00007fff102c0000 - 0x00007fff102d0000 	C:\Program Files\Java\jdk-23.0.1\bin\verify.dll
0x00007fff0d460000 - 0x00007fff0d487000 	C:\Users\luisc\.gradle\native\1def1411415f61bf3af743bc5b6707747c0891f09f0c88961ee8f79bc544acac\windows-amd64\native-platform.dll
0x00007ffefb590000 - 0x00007ffefb608000 	C:\Users\luisc\.gradle\native\0.2.7\x86_64-windows-gnu\gradle-fileevents.dll
0x00007fff101d0000 - 0x00007fff101da000 	C:\Program Files\Java\jdk-23.0.1\bin\management.dll
0x00007fff0f960000 - 0x00007fff0f96b000 	C:\Program Files\Java\jdk-23.0.1\bin\management_ext.dll
0x00007fff25a70000 - 0x00007fff25a78000 	C:\WINDOWS\System32\PSAPI.DLL
0x00007fff22e20000 - 0x00007fff22e54000 	C:\WINDOWS\SYSTEM32\IPHLPAPI.DLL
0x00007fff25a60000 - 0x00007fff25a6a000 	C:\WINDOWS\System32\NSI.dll
0x00007fff0e8f0000 - 0x00007fff0e8f9000 	C:\Program Files\Java\jdk-23.0.1\bin\extnet.dll
0x00007fff23c60000 - 0x00007fff23c7b000 	C:\WINDOWS\SYSTEM32\CRYPTSP.dll
0x00007fff233a0000 - 0x00007fff233db000 	C:\WINDOWS\system32\rsaenh.dll
0x00007fff23a50000 - 0x00007fff23a7b000 	C:\WINDOWS\SYSTEM32\USERENV.dll
0x00007fff24560000 - 0x00007fff24586000 	C:\WINDOWS\SYSTEM32\bcrypt.dll
0x00007fff23c80000 - 0x00007fff23c8c000 	C:\WINDOWS\SYSTEM32\CRYPTBASE.dll
0x00007fff0e790000 - 0x00007fff0e79e000 	C:\Program Files\Java\jdk-23.0.1\bin\sunmscapi.dll
0x00007fff247c0000 - 0x00007fff24937000 	C:\WINDOWS\System32\CRYPT32.dll
0x00007fff23e00000 - 0x00007fff23e30000 	C:\WINDOWS\SYSTEM32\ncrypt.dll
0x00007fff23db0000 - 0x00007fff23def000 	C:\WINDOWS\SYSTEM32\NTASN1.dll
0x00007fff1f590000 - 0x00007fff1f598000 	C:\WINDOWS\system32\wshunix.dll

dbghelp: loaded successfully - version: 4.0.5 - missing functions: none
symbol engine: initialized successfully - sym options: 0x614 - pdb path: .;C:\Program Files\Java\jdk-23.0.1\bin;C:\WINDOWS\SYSTEM32;C:\WINDOWS\WinSxS\amd64_microsoft.windows.common-controls_6595b64144ccf1df_6.0.26100.6899_none_3e0efeeae32e88c1;C:\Program Files\Java\jdk-23.0.1\bin\server;C:\Users\luisc\.gradle\native\1def1411415f61bf3af743bc5b6707747c0891f09f0c88961ee8f79bc544acac\windows-amd64;C:\Users\luisc\.gradle\native\0.2.7\x86_64-windows-gnu

VM Arguments:
jvm_args: --add-opens=java.base/java.lang=ALL-UNNAMED --add-opens=java.base/java.lang.invoke=ALL-UNNAMED --add-opens=java.base/java.util=ALL-UNNAMED --add-opens=java.prefs/java.util.prefs=ALL-UNNAMED --add-exports=jdk.compiler/com.sun.tools.javac.api=ALL-UNNAMED --add-exports=jdk.compiler/com.sun.tools.javac.util=ALL-UNNAMED --add-opens=java.base/java.util=ALL-UNNAMED --add-opens=java.prefs/java.util.prefs=ALL-UNNAMED --add-opens=java.base/java.nio.charset=ALL-UNNAMED --add-opens=java.base/java.net=ALL-UNNAMED --add-opens=java.base/java.util.concurrent.atomic=ALL-UNNAMED --add-opens=java.xml/javax.xml.namespace=ALL-UNNAMED -XX:MaxMetaspaceSize=384m -XX:+HeapDumpOnOutOfMemoryError -Xms256m -Xmx512m -Dfile.encoding=UTF-8 -Duser.country=ES -Duser.language=es -Duser.variant -javaagent:C:\Users\luisc\.gradle\wrapper\dists\gradle-8.14.3-bin\cv11ve7ro1n3o1j4so8xd9n66\gradle-8.14.3\lib\agents\gradle-instrumentation-agent-8.14.3.jar 
java_command: org.gradle.launcher.daemon.bootstrap.GradleDaemon 8.14.3
java_class_path (initial): C:\Users\luisc\.gradle\wrapper\dists\gradle-8.14.3-bin\cv11ve7ro1n3o1j4so8xd9n66\gradle-8.14.3\lib\gradle-daemon-main-8.14.3.jar
Launcher Type: SUN_STANDARD

[Global flags]
     intx CICompilerCount                          = 4                                         {product} {ergonomic}
   size_t CompressedClassSpaceSize                 = 335544320                                 {product} {ergonomic}
     uint ConcGCThreads                            = 3                                         {product} {ergonomic}
     uint G1ConcRefinementThreads                  = 10                                        {product} {ergonomic}
   size_t G1HeapRegionSize                         = 1048576                                   {product} {ergonomic}
     bool HeapDumpOnOutOfMemoryError               = true                                   {manageable} {command line}
   size_t InitialHeapSize                          = 268435456                                 {product} {command line}
   size_t MarkStackSize                            = 4194304                                   {product} {ergonomic}
   size_t MarkStackSizeMax                         = 536870912                                 {product} {ergonomic}
   size_t MaxHeapSize                              = 536870912                                 {product} {command line}
   size_t MaxMetaspaceSize                         = 402653184                                 {product} {command line}
   size_t MaxNewSize                               = 321912832                                 {product} {ergonomic}
   size_t MinHeapDeltaBytes                        = 1048576                                   {product} {ergonomic}
   size_t MinHeapSize                              = 268435456                                 {product} {command line}
    uintx NonNMethodCodeHeapSize                   = 5832704                                {pd product} {ergonomic}
    uintx NonProfiledCodeHeapSize                  = 122945536                              {pd product} {ergonomic}
    uintx ProfiledCodeHeapSize                     = 122880000                              {pd product} {ergonomic}
    uintx ReservedCodeCacheSize                    = 251658240                              {pd product} {ergonomic}
     bool SegmentedCodeCache                       = true                                      {product} {ergonomic}
   size_t SoftMaxHeapSize                          = 536870912                              {manageable} {ergonomic}
     bool UseCompressedOops                        = true                           {product lp64_product} {ergonomic}
     bool UseG1GC                                  = true                                      {product} {ergonomic}
     bool UseLargePagesIndividualAllocation        = false                                  {pd product} {ergonomic}

Logging:
Log output configuration:
 #0: stdout all=warning uptime,level,tags foldmultilines=false
 #1: stderr all=off uptime,level,tags foldmultilines=false

Environment Variables:
JAVA_HOME=C:\Program Files\Java\jdk-23
PATH=C:\Program Files\Common Files\Oracle\Java\javapath;c:\Users\luisc\AppData\Local\Programs\cursor\resources\app\bin;C:\Program Files (x86)\NVIDIA Corporation\PhysX\Common;C:\WINDOWS\system32;C:\WINDOWS;C:\WINDOWS\System32\Wbem;C:\WINDOWS\System32\WindowsPowerShell\v1.0\;C:\WINDOWS\System32\OpenSSH\;C:\Program Files\Java\jdk-23\bin;C:\Program Files\Microsoft SQL Server\150\Tools\Binn\;C:\Program Files\Microsoft SQL Server\Client SDK\ODBC\170\Tools\Binn\;C:\Program Files\dotnet\;C:\Program Files (x86)\Microsoft SQL Server\160\Tools\Binn\;C:\Program Files\Microsoft SQL Server\160\Tools\Binn\;C:\Program Files\Microsoft SQL Server\160\DTS\Binn\;C:\Program Files (x86)\Microsoft SQL Server\160\DTS\Binn\;C:\Users\luisc\Downloads\ffmpeg-7.1;C:\Users\luisc\AppData\Local\Programs\Python\Python311\;C:\Users\luisc\AppData\Local\Programs\Python\Python311\Scripts;C:\Program Files (x86)\Windows Kits\8.1\Windows Performance Toolkit\;C:\Program Files\nodejs\;C:\Program Files\Git\cmd;C:\Users\luisc\anaconda3;C:\Users\luisc\anaconda3\Li;C:\Program Files\Docker\Docker\resources\bin;C:\WINDOWS\system32;C:\WINDOWS;C:\WINDOWS\System32\Wbem;C:\WINDOWS\System32\WindowsPowerShell\v1.0\;C:\WINDOWS\System32\OpenSSH\;C:\Users\luisc\anaconda3;C:\Users\luisc\anaconda3\Library\mingw-w64\bin;C:\Users\luisc\anaconda3\Library\usr\bin;C:\Users\luisc\anaconda3\Library\bin;C:\Users\luisc\anaconda3\Scripts;C:\Users\luisc\AppData\Local\Programs\Python\Python311\;C:\Users\luisc\AppData\Local\Programs\Python\Python311\Scripts;C:\Program Files\Common Files\Oracle\Java\javapath;C:\Program Files (x86)\Common Files\Oracle\Java\java8path;C:\Program Files (x86)\Common Files\Oracle\Java\javapath;C:\Program Files\Java\jdk-23\bin;C:\WINDOWS\system32;C:\WINDOWS;C:\WINDOWS\System32\Wbem;C:\WINDOWS\System32\WindowsPowerShell\v1.0\;C:\WINDOWS\System32\OpenSSH\;C:\Program Files\Microsoft SQL Server\150\Tools\Binn\;C:\Program Files\Microsoft SQL Server\Client SDK\ODBC\170\Tools\Binn\;C:\Program Files\dotnet\;C:\Program Files (x86)\Microsoft SQL Server\160\Tools\Binn\;C:\Program Files\Microsoft SQL Server\160\Tools\Binn\;C:\Program Files\Microsoft SQL Server\160\DTS\Binn\;C:\Program Files (x86)\Microsoft SQL Server\160\DTS\Binn\;C:\Users\luisc\Downloads\ffmpeg-7.1;C:\Program Files\nodejs\;C:\Program Files\JetBrains\PyCharm 2024.3.2\bin;;C:\Users\luisc\AppData\Local\Programs\Microsoft VS Code\bin;C:\Users\luisc\AppData\Local\GitHubDesktop\bin;C:\Users\luisc\AppData\Local\Programs\cursor\resources\app\bin;C:\Users\luisc\AppData\Roaming\npm;C:\Program Files\JetBrains\IntelliJ IDEA 2025.2.3\bin;C:\Users\luisc\AppData\Local\Microsoft\WindowsApps;
USERNAME=luisc
OS=Windows_NT
PROCESSOR_IDENTIFIER=AMD64 Family 23 Model 104 Stepping 1, AuthenticAMD
TMP=C:\Users\luisc\AppData\Local\Temp
TEMP=C:\Users\luisc\AppData\Local\Temp




Periodic native trim disabled

---------------  S Y S T E M  ---------------

OS:
 Windows 11 , 64 bit Build 26100 (10.0.26100.6725)
OS uptime: 0 days 3:18 hours
Hyper-V role detected

CPU: total 12 (initial active 12) (12 cores per cpu, 2 threads per core) family 23 model 104 stepping 1 microcode 0x8608103, cx8, cmov, fxsr, ht, mmx, 3dnowpref, sse, sse2, sse3, ssse3, sse4a, sse4.1, sse4.2, popcnt, lzcnt, tsc, tscinvbit, avx, avx2, aes, clmul, bmi1, bmi2, adx, sha, fma, vzeroupper, clflush, clflushopt, hv, rdtscp, rdpid, f16c
Processor Information for processor 0
  Max Mhz: 2100, Current Mhz: 2100, Mhz Limit: 2100
Processor Information for processor 1
  Max Mhz: 2100, Current Mhz: 2100, Mhz Limit: 2100
Processor Information for processor 2
  Max Mhz: 2100, Current Mhz: 2100, Mhz Limit: 2100
Processor Information for processor 3
  Max Mhz: 2100, Current Mhz: 2100, Mhz Limit: 2100
Processor Information for processor 4
  Max Mhz: 2100, Current Mhz: 2100, Mhz Limit: 2100
Processor Information for processor 5
  Max Mhz: 2100, Current Mhz: 2100, Mhz Limit: 2100
Processor Information for processor 6
  Max Mhz: 2100, Current Mhz: 2100, Mhz Limit: 2100
Processor Information for processor 7
  Max Mhz: 2100, Current Mhz: 2100, Mhz Limit: 2100
Processor Information for processor 8
  Max Mhz: 2100, Current Mhz: 1813, Mhz Limit: 2100
Processor Information for processor 9
  Max Mhz: 2100, Current Mhz: 2100, Mhz Limit: 2100
Processor Information for processor 10
  Max Mhz: 2100, Current Mhz: 2100, Mhz Limit: 2100
Processor Information for processor 11
  Max Mhz: 2100, Current Mhz: 1813, Mhz Limit: 2100

Memory: 4k page, system-wide physical 10101M (800M free)
TotalPageFile size 19102M (AvailPageFile size 14M)
current process WorkingSet (physical memory assigned to process): 273M, peak: 273M
current process commit charge ("private bytes"): 470M, peak: 470M

vm_info: Java HotSpot(TM) 64-Bit Server VM (23.0.1+11-39) for windows-amd64 JRE (23.0.1+11-39), built on 2024-09-30T07:20:43Z with MS VC++ 17.6 (VS2022)

END.
